<?xml version="1.0" encoding="UTF-8"?>
<!-- Generated by org.testng.reporters.JUnitReportReporter -->
<testsuite hostname="QT-INBG-LT0912" failures="1" tests="1" name="com.qualitestgroup.data_extract_demo.PdfCompare" time="25.873" errors="0" timestamp="27 Sep 2022 10:04:28 GMT" skipped="0">
  <testcase classname="com.qualitestgroup.data_extract_demo.PdfCompare" name="Compare" time="25.873">
    <failure message="Test case failed due to  PDF data differs with 0.13% &amp; for reference &lt;a href=C:\Users\pavan.t\eclipse-workspace\QualidexDemo\Extract_Images\File_1_File_21.png&gt;link&lt;/a&gt; 
	PDF data differs with 0.13% &amp; for reference &lt;a href=C:\Users\pavan.t\eclipse-workspace\QualidexDemo\Extract_Images\File_1_File_21.png&gt;link&lt;/a&gt; expected [true] but found [false]" type="java.lang.AssertionError">
      <![CDATA[java.lang.AssertionError: Test case failed due to  PDF data differs with 0.13% & for reference <a href=C:\Users\pavan.t\eclipse-workspace\QualidexDemo\Extract_Images\File_1_File_21.png>link</a> 
PDF data differs with 0.13% & for reference <a href=C:\Users\pavan.t\eclipse-workspace\QualidexDemo\Extract_Images\File_1_File_21.png>link</a> expected [true] but found [false]
at com.qualitestgroup.data_extract_demo.damoregroup.Softassert.assertAll(Softassert.java:55)
at com.qualitestgroup.data_extract_demo.PdfCompare.Compare(PdfCompare.java:421)
at java.base/jdk.internal.reflect.NativeMethodAccessorImpl.invoke0(Native Method)
at java.base/jdk.internal.reflect.NativeMethodAccessorImpl.invoke(NativeMethodAccessorImpl.java:62)
at java.base/jdk.internal.reflect.DelegatingMethodAccessorImpl.invoke(DelegatingMethodAccessorImpl.java:43)
at java.base/java.lang.reflect.Method.invoke(Method.java:566)
at org.testng.internal.MethodInvocationHelper.invokeMethod(MethodInvocationHelper.java:124)
at org.testng.internal.Invoker.invokeMethod(Invoker.java:583)
at org.testng.internal.Invoker.invokeTestMethod(Invoker.java:719)
at org.testng.internal.Invoker.invokeTestMethods(Invoker.java:989)
at org.testng.internal.TestMethodWorker.invokeTestMethods(TestMethodWorker.java:125)
at org.testng.internal.TestMethodWorker.run(TestMethodWorker.java:109)
at org.testng.TestRunner.privateRun(TestRunner.java:648)
at org.testng.TestRunner.run(TestRunner.java:505)
at org.testng.SuiteRunner.runTest(SuiteRunner.java:455)
at org.testng.SuiteRunner.runSequentially(SuiteRunner.java:450)
at org.testng.SuiteRunner.privateRun(SuiteRunner.java:415)
at org.testng.SuiteRunner.run(SuiteRunner.java:364)
at org.testng.SuiteRunnerWorker.runSuite(SuiteRunnerWorker.java:52)
at org.testng.SuiteRunnerWorker.run(SuiteRunnerWorker.java:84)
at org.testng.TestNG.runSuitesSequentially(TestNG.java:1208)
at org.testng.TestNG.runSuitesLocally(TestNG.java:1137)
at org.testng.TestNG.runSuites(TestNG.java:1049)
at org.testng.TestNG.run(TestNG.java:1017)
at org.testng.remote.AbstractRemoteTestNG.run(AbstractRemoteTestNG.java:115)
at org.testng.remote.RemoteTestNG.initAndRun(RemoteTestNG.java:251)
at org.testng.remote.RemoteTestNG.main(RemoteTestNG.java:77)
]]>
    </failure>
  </testcase> <!-- Compare -->
</testsuite> <!-- com.qualitestgroup.data_extract_demo.PdfCompare -->
