<?xml version="1.0" encoding="UTF-8"?>
<!-- Generated by org.testng.reporters.JUnitReportReporter -->
<testsuite hostname="QT-INBG-LT1196" failures="1" tests="1" name="com.qualitestgroup.data_extract_demo.Photography2" time="15.371" errors="0" timestamp="2021-09-09T12:52:40 IST" skipped="0">
  <testcase classname="com.qualitestgroup.data_extract_demo.Photography2" name="TextChanges2File" time="15.371">
    <failure message="Test case failed due to Multiple Assertion failures
	Both PDFs paragraph line count differs please refer console logs to see failure in detail [&lt;/br&gt;, Difference -&gt; 1, Line number 1 has different data in both the files , First PDF Values :- production, recreational purposes, hobby, and mass communication.[1],  and Second PDF Values :- production, recreational purposes, hobby, and mass communication., &lt;/br&gt;, Difference -&gt; 2, Line number 1 has different data in both the files , First PDF Values :- either negative or positive depending on the purpose of the photographic material and the method,  and Second PDF Values :- either negative or positive depending on the purpose of the photographic material and the method of, &lt;/br&gt;, Difference -&gt; 3, Line number 1 has different data in both the files , First PDF Values :- of processing. A negative image on film is traditionally used to photographically create a positive,  and Second PDF Values :- processing. A negative images on film is traditionally used to photographically create a positive image, &lt;/br&gt;, Difference -&gt; 4, Line number 1 has different data in both the files , First PDF Values :- image on a paper base, known as a print, either by using an enlarger or by contact printing.,  and Second PDF Values :- on a paper base, known as a print, either by using an enlarger or by contact printing.] expected [true] but found [false],
	PDF data differs with 0.13% &amp; for reference &lt;a href=C:\Users\hema.nc\eclipse-QualiDexWorkspace\DemoQualidex2\Extract_Images\Photography_Text1_Photography_Text21.png&gt;link&lt;/a&gt; expected [true] but found [false]" type="java.lang.AssertionError">
      <![CDATA[java.lang.AssertionError: Test case failed due to Multiple Assertion failures
Both PDFs paragraph line count differs please refer console logs to see failure in detail [</br>, Difference -> 1, Line number 1 has different data in both the files , First PDF Values :- production, recreational purposes, hobby, and mass communication.[1],  and Second PDF Values :- production, recreational purposes, hobby, and mass communication., </br>, Difference -> 2, Line number 1 has different data in both the files , First PDF Values :- either negative or positive depending on the purpose of the photographic material and the method,  and Second PDF Values :- either negative or positive depending on the purpose of the photographic material and the method of, </br>, Difference -> 3, Line number 1 has different data in both the files , First PDF Values :- of processing. A negative image on film is traditionally used to photographically create a positive,  and Second PDF Values :- processing. A negative images on film is traditionally used to photographically create a positive image, </br>, Difference -> 4, Line number 1 has different data in both the files , First PDF Values :- image on a paper base, known as a print, either by using an enlarger or by contact printing.,  and Second PDF Values :- on a paper base, known as a print, either by using an enlarger or by contact printing.] expected [true] but found [false],
PDF data differs with 0.13% & for reference <a href=C:\Users\hema.nc\eclipse-QualiDexWorkspace\DemoQualidex2\Extract_Images\Photography_Text1_Photography_Text21.png>link</a> expected [true] but found [false]
at com.qualitestgroup.data_extract_demo.damoregroup.Softassert.assertAll(Softassert.java:55)
at com.qualitestgroup.data_extract_demo.Photography2.compareTwoFiles(Photography2.java:188)
at com.qualitestgroup.data_extract_demo.Photography2.TextChanges2File(Photography2.java:257)
at java.base/jdk.internal.reflect.NativeMethodAccessorImpl.invoke0(Native Method)
at java.base/jdk.internal.reflect.NativeMethodAccessorImpl.invoke(NativeMethodAccessorImpl.java:78)
at java.base/jdk.internal.reflect.DelegatingMethodAccessorImpl.invoke(DelegatingMethodAccessorImpl.java:43)
at java.base/java.lang.reflect.Method.invoke(Method.java:567)
at org.testng.internal.MethodInvocationHelper.invokeMethod(MethodInvocationHelper.java:133)
at org.testng.internal.TestInvoker.invokeMethod(TestInvoker.java:598)
at org.testng.internal.TestInvoker.invokeTestMethod(TestInvoker.java:173)
at org.testng.internal.MethodRunner.runInSequence(MethodRunner.java:46)
at org.testng.internal.TestInvoker$MethodInvocationAgent.invoke(TestInvoker.java:824)
at org.testng.internal.TestInvoker.invokeTestMethods(TestInvoker.java:146)
at org.testng.internal.TestMethodWorker.invokeTestMethods(TestMethodWorker.java:146)
at org.testng.internal.TestMethodWorker.run(TestMethodWorker.java:128)
at java.base/java.util.ArrayList.forEach(ArrayList.java:1511)
at org.testng.TestRunner.privateRun(TestRunner.java:794)
at org.testng.TestRunner.run(TestRunner.java:596)
at org.testng.SuiteRunner.runTest(SuiteRunner.java:377)
at org.testng.SuiteRunner.runSequentially(SuiteRunner.java:371)
at org.testng.SuiteRunner.privateRun(SuiteRunner.java:332)
at org.testng.SuiteRunner.run(SuiteRunner.java:276)
at org.testng.SuiteRunnerWorker.runSuite(SuiteRunnerWorker.java:53)
at org.testng.SuiteRunnerWorker.run(SuiteRunnerWorker.java:96)
at org.testng.TestNG.runSuitesSequentially(TestNG.java:1212)
at org.testng.TestNG.runSuitesLocally(TestNG.java:1134)
at org.testng.TestNG.runSuites(TestNG.java:1063)
at org.testng.TestNG.run(TestNG.java:1031)
at org.testng.remote.AbstractRemoteTestNG.run(AbstractRemoteTestNG.java:115)
at org.testng.remote.RemoteTestNG.initAndRun(RemoteTestNG.java:251)
at org.testng.remote.RemoteTestNG.main(RemoteTestNG.java:77)
]]>
    </failure>
  </testcase> <!-- TextChanges2File -->
  <system-out>
    <![CDATA[Load PDF content from First file Photography_Text1.pdf
Loaded PDF content from First file Photography_Text1.pdf Successfully
Load PDF content from Second file Photography_Text2.pdf
Loaded PDF content from Second file Photography_Text2.pdf Successfully
Verify number of pages are same
Verified!! Number of pages are same
Fetching data from PDF files
Fetched data from PDF files
Convert First and Second PDF files data into XML format successfully
Converted First and Second PDF files data into XML format successfully
Verify PDF data Content
Assertion Failed due to java.lang.AssertionError: Both PDFs paragraph line count differs please refer console logs to see failure in detail [</br>, Difference -> 1, Line number 1 has different data in both the files , First PDF Values :- production, recreational purposes, hobby, and mass communication.[1],  and Second PDF Values :- production, recreational purposes, hobby, and mass communication., </br>, Difference -> 2, Line number 1 has different data in both the files , First PDF Values :- either negative or positive depending on the purpose of the photographic material and the method,  and Second PDF Values :- either negative or positive depending on the purpose of the photographic material and the method of, </br>, Difference -> 3, Line number 1 has different data in both the files , First PDF Values :- of processing. A negative image on film is traditionally used to photographically create a positive,  and Second PDF Values :- processing. A negative images on film is traditionally used to photographically create a positive image, </br>, Difference -> 4, Line number 1 has different data in both the files , First PDF Values :- image on a paper base, known as a print, either by using an enlarger or by contact printing.,  and Second PDF Values :- on a paper base, known as a print, either by using an enlarger or by contact printing.] expected [true] but found [false]
<a href='C:\Users\hema.nc\eclipse-QualiDexWorkspace\DemoQualidex2\target\surefire-reports\failure_screenshots\failure_screenshots\TextChanges2File_09_09_2021_12_52_25.png'> <img src='C:\Users\hema.nc\eclipse-QualiDexWorkspace\DemoQualidex2\target\surefire-reports\failure_screenshots\failure_screenshots\TextChanges2File_09_09_2021_12_52_25.png' height='100' width='100'/> </a>
Verified PDF data Content
Compare extracted image with reference image
Assertion Failed due to java.lang.AssertionError: PDF data differs with 0.13% & for reference <a href=C:\Users\hema.nc\eclipse-QualiDexWorkspace\DemoQualidex2\Extract_Images\Photography_Text1_Photography_Text21.png>link</a> expected [true] but found [false]
<a href='C:\Users\hema.nc\eclipse-QualiDexWorkspace\DemoQualidex2\target\surefire-reports\failure_screenshots\failure_screenshots\TextChanges2File_09_09_2021_12_52_40.png'> <img src='C:\Users\hema.nc\eclipse-QualiDexWorkspace\DemoQualidex2\target\surefire-reports\failure_screenshots\failure_screenshots\TextChanges2File_09_09_2021_12_52_40.png' height='100' width='100'/> </a>
Compared extracted image with reference image successfully]]>
  </system-out>
</testsuite> <!-- com.qualitestgroup.data_extract_demo.Photography2 -->
