<?xml version="1.0" encoding="UTF-8"?>
<!-- Generated by org.testng.reporters.JUnitReportReporter -->
<testsuite hostname="QT-INBG-LT0912" failures="2" tests="4" name="com.qualitestgroup.qualidexexcelutility.Unit_Test" time="2.615" errors="0" timestamp="22 Sep 2022 11:31:01 GMT" skipped="0">
  <testcase classname="com.qualitestgroup.qualidexexcelutility.Unit_Test" name="qualidexImageTest" time="1.708"/>
  <testcase classname="com.qualitestgroup.qualidexexcelutility.Unit_Test" name="qualidexLibraryTest2" time="0.098">
    <failure message="Test case failed due to Multiple Assertion failures
	A 100% open rate, 98% read rate and 90% response is not present in the PDF expected [true] but found [false],
	Test Invalid content is not present in the PDF expected [true] but found [false],
	Subscribers List, Growth of Subscribers, is not present in the PDF expected [true] but found [false],
	Business Situation: is not present in the PDF expected [true] but found [false],
	Test invalid content2 is not present in the PDF expected [true] but found [false],
	Here the Messages is received by Subscribers. The message is processed 
and marked valid or invalid is not present in the PDF expected [true] but found [false],
	Screenshots: is not present in the PDF expected [true] but found [false],
	Test Invalid content 3 is not present in the PDF expected [true] but found [false],
	Sie haben auÃŸerdem die MÃ¶glichkeit, sich an die fÃ¼r uns zustÃ¤ndige AufsichtsbehÃ¶rde zu wenden, wenn Sie mit unserer 
Betreuung nicht zufrieden sind oder Meinungsverschiedenheiten bei  is not present in the PDF expected [true] but found [false],
	fÃ¼r Finanzdienstleistungsaufsicht (BaFin)
Sektor Versicherungsaufsicht
Graurheindorfer StraÃŸe 108, 53117 Bonn
Oder: Postfach 1253, 53002 Bonn
E-Mail: poststelle@bafin.de
Telefon 0228 4108-0, Telefax 0228 4108-1550 is not present in the PDF expected [true] but found [false],
	Test Invalid content 3 is not present in the PDF expected [true] but found [false],
	Test Invalid content is not present in the PDF expected [true] but found [false],
	Test invalid content2 is not present in the PDF expected [true] but found [false],
	Test Invalid content 3 is not present in the PDF expected [true] but found [false],
	Sie haben auÃŸerdem die MÃ¶glichkeit, sich an die fÃ¼r uns zustÃ¤ndige AufsichtsbehÃ¶rde zu wenden, wenn Sie mit unserer 
Betreuung nicht zufrieden sind oder Meinungsverschiedenheiten bei  is not present in the PDF expected [true] but found [false],
	Test Invalid content 3 is not present in the PDF expected [true] but found [false]" type="java.lang.AssertionError">
      <![CDATA[java.lang.AssertionError: Test case failed due to Multiple Assertion failures
A 100% open rate, 98% read rate and 90% response is not present in the PDF expected [true] but found [false],
Test Invalid content is not present in the PDF expected [true] but found [false],
Subscribers List, Growth of Subscribers, is not present in the PDF expected [true] but found [false],
Business Situation: is not present in the PDF expected [true] but found [false],
Test invalid content2 is not present in the PDF expected [true] but found [false],
Here the Messages is received by Subscribers. The message is processed 
and marked valid or invalid is not present in the PDF expected [true] but found [false],
Screenshots: is not present in the PDF expected [true] but found [false],
Test Invalid content 3 is not present in the PDF expected [true] but found [false],
Sie haben auÃŸerdem die MÃ¶glichkeit, sich an die fÃ¼r uns zustÃ¤ndige AufsichtsbehÃ¶rde zu wenden, wenn Sie mit unserer 
Betreuung nicht zufrieden sind oder Meinungsverschiedenheiten bei  is not present in the PDF expected [true] but found [false],
fÃ¼r Finanzdienstleistungsaufsicht (BaFin)
Sektor Versicherungsaufsicht
Graurheindorfer StraÃŸe 108, 53117 Bonn
Oder: Postfach 1253, 53002 Bonn
E-Mail: poststelle@bafin.de
Telefon 0228 4108-0, Telefax 0228 4108-1550 is not present in the PDF expected [true] but found [false],
Test Invalid content 3 is not present in the PDF expected [true] but found [false],
Test Invalid content is not present in the PDF expected [true] but found [false],
Test invalid content2 is not present in the PDF expected [true] but found [false],
Test Invalid content 3 is not present in the PDF expected [true] but found [false],
Sie haben auÃŸerdem die MÃ¶glichkeit, sich an die fÃ¼r uns zustÃ¤ndige AufsichtsbehÃ¶rde zu wenden, wenn Sie mit unserer 
Betreuung nicht zufrieden sind oder Meinungsverschiedenheiten bei  is not present in the PDF expected [true] but found [false],
Test Invalid content 3 is not present in the PDF expected [true] but found [false]
at com.qualitestgroup.data_extract_demo.damoregroup.Softassert.assertAll(Softassert.java:55)
at com.qualitestgroup.qualidexexcelutility.Unit_Test.qualidexLibraryTest2(Unit_Test.java:110)
at java.base/jdk.internal.reflect.NativeMethodAccessorImpl.invoke0(Native Method)
at java.base/jdk.internal.reflect.NativeMethodAccessorImpl.invoke(NativeMethodAccessorImpl.java:62)
at java.base/jdk.internal.reflect.DelegatingMethodAccessorImpl.invoke(DelegatingMethodAccessorImpl.java:43)
at java.base/java.lang.reflect.Method.invoke(Method.java:566)
at org.testng.internal.MethodInvocationHelper.invokeMethod(MethodInvocationHelper.java:124)
at org.testng.internal.Invoker.invokeMethod(Invoker.java:583)
at org.testng.internal.Invoker.invokeTestMethod(Invoker.java:719)
at org.testng.internal.Invoker.invokeTestMethods(Invoker.java:989)
at org.testng.internal.TestMethodWorker.invokeTestMethods(TestMethodWorker.java:125)
at org.testng.internal.TestMethodWorker.run(TestMethodWorker.java:109)
at org.testng.TestRunner.privateRun(TestRunner.java:648)
at org.testng.TestRunner.run(TestRunner.java:505)
at org.testng.SuiteRunner.runTest(SuiteRunner.java:455)
at org.testng.SuiteRunner.runSequentially(SuiteRunner.java:450)
at org.testng.SuiteRunner.privateRun(SuiteRunner.java:415)
at org.testng.SuiteRunner.run(SuiteRunner.java:364)
at org.testng.SuiteRunnerWorker.runSuite(SuiteRunnerWorker.java:52)
at org.testng.SuiteRunnerWorker.run(SuiteRunnerWorker.java:84)
at org.testng.TestNG.runSuitesSequentially(TestNG.java:1208)
at org.testng.TestNG.runSuitesLocally(TestNG.java:1137)
at org.testng.TestNG.runSuites(TestNG.java:1049)
at org.testng.TestNG.run(TestNG.java:1017)
at org.testng.remote.AbstractRemoteTestNG.run(AbstractRemoteTestNG.java:115)
at org.testng.remote.RemoteTestNG.initAndRun(RemoteTestNG.java:251)
at org.testng.remote.RemoteTestNG.main(RemoteTestNG.java:77)
]]>
    </failure>
  </testcase> <!-- qualidexLibraryTest2 -->
  <testcase classname="com.qualitestgroup.qualidexexcelutility.Unit_Test" name="qualidexLibraryTest3" time="0.023"/>
  <testcase classname="com.qualitestgroup.qualidexexcelutility.Unit_Test" name="qualidexLibraryTest1" time="0.786">
    <failure message="Test case failed due to Multiple Assertion failures
	A 100% open rate, 98% read rate and 90% response is not present in the PDF expected [true] but found [false],
	Test Invalid content is not present in the PDF expected [true] but found [false],
	Subscribers List, Growth of Subscribers, is not present in the PDF expected [true] but found [false],
	Business Situation: is not present in the PDF expected [true] but found [false],
	Test invalid content2 is not present in the PDF expected [true] but found [false],
	Here the Messages is received by Subscribers. The message is processed 
and marked valid or invalid is not present in the PDF expected [true] but found [false],
	Screenshots: is not present in the PDF expected [true] but found [false],
	Test Invalid content 3 is not present in the PDF expected [true] but found [false],
	Sie haben auÃŸerdem die MÃ¶glichkeit, sich an die fÃ¼r uns zustÃ¤ndige AufsichtsbehÃ¶rde zu wenden, wenn Sie mit unserer 
Betreuung nicht zufrieden sind oder Meinungsverschiedenheiten bei  is not present in the PDF expected [true] but found [false],
	fÃ¼r Finanzdienstleistungsaufsicht (BaFin)
Sektor Versicherungsaufsicht
Graurheindorfer StraÃŸe 108, 53117 Bonn
Oder: Postfach 1253, 53002 Bonn
E-Mail: poststelle@bafin.de
Telefon 0228 4108-0, Telefax 0228 4108-1550 is not present in the PDF expected [true] but found [false],
	Test Invalid content 3 is not present in the PDF expected [true] but found [false]" type="java.lang.AssertionError">
      <![CDATA[java.lang.AssertionError: Test case failed due to Multiple Assertion failures
A 100% open rate, 98% read rate and 90% response is not present in the PDF expected [true] but found [false],
Test Invalid content is not present in the PDF expected [true] but found [false],
Subscribers List, Growth of Subscribers, is not present in the PDF expected [true] but found [false],
Business Situation: is not present in the PDF expected [true] but found [false],
Test invalid content2 is not present in the PDF expected [true] but found [false],
Here the Messages is received by Subscribers. The message is processed 
and marked valid or invalid is not present in the PDF expected [true] but found [false],
Screenshots: is not present in the PDF expected [true] but found [false],
Test Invalid content 3 is not present in the PDF expected [true] but found [false],
Sie haben auÃŸerdem die MÃ¶glichkeit, sich an die fÃ¼r uns zustÃ¤ndige AufsichtsbehÃ¶rde zu wenden, wenn Sie mit unserer 
Betreuung nicht zufrieden sind oder Meinungsverschiedenheiten bei  is not present in the PDF expected [true] but found [false],
fÃ¼r Finanzdienstleistungsaufsicht (BaFin)
Sektor Versicherungsaufsicht
Graurheindorfer StraÃŸe 108, 53117 Bonn
Oder: Postfach 1253, 53002 Bonn
E-Mail: poststelle@bafin.de
Telefon 0228 4108-0, Telefax 0228 4108-1550 is not present in the PDF expected [true] but found [false],
Test Invalid content 3 is not present in the PDF expected [true] but found [false]
at com.qualitestgroup.data_extract_demo.damoregroup.Softassert.assertAll(Softassert.java:55)
at com.qualitestgroup.qualidexexcelutility.Unit_Test.qualidexLibraryTest1(Unit_Test.java:79)
at java.base/jdk.internal.reflect.NativeMethodAccessorImpl.invoke0(Native Method)
at java.base/jdk.internal.reflect.NativeMethodAccessorImpl.invoke(NativeMethodAccessorImpl.java:62)
at java.base/jdk.internal.reflect.DelegatingMethodAccessorImpl.invoke(DelegatingMethodAccessorImpl.java:43)
at java.base/java.lang.reflect.Method.invoke(Method.java:566)
at org.testng.internal.MethodInvocationHelper.invokeMethod(MethodInvocationHelper.java:124)
at org.testng.internal.Invoker.invokeMethod(Invoker.java:583)
at org.testng.internal.Invoker.invokeTestMethod(Invoker.java:719)
at org.testng.internal.Invoker.invokeTestMethods(Invoker.java:989)
at org.testng.internal.TestMethodWorker.invokeTestMethods(TestMethodWorker.java:125)
at org.testng.internal.TestMethodWorker.run(TestMethodWorker.java:109)
at org.testng.TestRunner.privateRun(TestRunner.java:648)
at org.testng.TestRunner.run(TestRunner.java:505)
at org.testng.SuiteRunner.runTest(SuiteRunner.java:455)
at org.testng.SuiteRunner.runSequentially(SuiteRunner.java:450)
at org.testng.SuiteRunner.privateRun(SuiteRunner.java:415)
at org.testng.SuiteRunner.run(SuiteRunner.java:364)
at org.testng.SuiteRunnerWorker.runSuite(SuiteRunnerWorker.java:52)
at org.testng.SuiteRunnerWorker.run(SuiteRunnerWorker.java:84)
at org.testng.TestNG.runSuitesSequentially(TestNG.java:1208)
at org.testng.TestNG.runSuitesLocally(TestNG.java:1137)
at org.testng.TestNG.runSuites(TestNG.java:1049)
at org.testng.TestNG.run(TestNG.java:1017)
at org.testng.remote.AbstractRemoteTestNG.run(AbstractRemoteTestNG.java:115)
at org.testng.remote.RemoteTestNG.initAndRun(RemoteTestNG.java:251)
at org.testng.remote.RemoteTestNG.main(RemoteTestNG.java:77)
]]>
    </failure>
  </testcase> <!-- qualidexLibraryTest1 -->
</testsuite> <!-- com.qualitestgroup.qualidexexcelutility.Unit_Test -->
