<?xml version="1.0" encoding="UTF-8"?>
<!-- Generated by org.testng.reporters.JUnitReportReporter -->
<testsuite hostname="QT-INBG-LT0912" failures="0" tests="1" name="test.QDJarTes.PDFTest" time="2.262" errors="0" timestamp="23 Sep 2022 08:56:08 GMT" skipped="0">
  <testcase classname="test.QDJarTes.PDFTest" name="test" time="2.262"/>
</testsuite> <!-- test.QDJarTes.PDFTest -->
