<?xml version="1.0" encoding="UTF-8"?>
<!-- Generated by org.testng.reporters.JUnitReportReporter -->
<testsuite hostname="QT-INBG-LT1196" failures="0" tests="3" name="com.qualitestgroup.data_extract_demo.BioReferencePOC" time="23.558" errors="2" timestamp="2021-09-08T15:08:46 IST" skipped="0">
  <testcase classname="com.qualitestgroup.data_extract_demo.BioReferencePOC" name="DynamicObjectChanges" time="23.554"/>
  <system-out>
    <![CDATA[Load PDF content from First file Dynamic1.pdf
Loaded PDF content from First file Dynamic1.pdf Successfully
Load PDF content from Second file Dynamic2.pdf
Loaded PDF content from Second file Dynamic2.pdf Successfully
Compare files after excluding date
Compared files after excluding date
Compare extracted image with reference image
Compared extracted image with reference image successfully]]>
  </system-out>
  <testcase classname="com.qualitestgroup.data_extract_demo.BioReferencePOC" name="LogoMissingFile" time="0.002">
    <error message="Cannot invoke &quot;String.toString()&quot; because the return value of &quot;com.qualitestgroup.data_extract_demo.BioReferencePOC.getConfigProperty(String)&quot; is null" type="java.lang.NullPointerException">
      <![CDATA[java.lang.NullPointerException: Cannot invoke "String.toString()" because the return value of "com.qualitestgroup.data_extract_demo.BioReferencePOC.getConfigProperty(String)" is null
at com.qualitestgroup.data_extract_demo.BioReferencePOC.compareTwoFiles(BioReferencePOC.java:120)
at com.qualitestgroup.data_extract_demo.BioReferencePOC.LogoMissingFile(BioReferencePOC.java:259)
at java.base/jdk.internal.reflect.NativeMethodAccessorImpl.invoke0(Native Method)
at java.base/jdk.internal.reflect.NativeMethodAccessorImpl.invoke(NativeMethodAccessorImpl.java:78)
at java.base/jdk.internal.reflect.DelegatingMethodAccessorImpl.invoke(DelegatingMethodAccessorImpl.java:43)
at java.base/java.lang.reflect.Method.invoke(Method.java:567)
at org.testng.internal.MethodInvocationHelper.invokeMethod(MethodInvocationHelper.java:133)
at org.testng.internal.TestInvoker.invokeMethod(TestInvoker.java:598)
at org.testng.internal.TestInvoker.invokeTestMethod(TestInvoker.java:173)
at org.testng.internal.MethodRunner.runInSequence(MethodRunner.java:46)
at org.testng.internal.TestInvoker$MethodInvocationAgent.invoke(TestInvoker.java:824)
at org.testng.internal.TestInvoker.invokeTestMethods(TestInvoker.java:146)
at org.testng.internal.TestMethodWorker.invokeTestMethods(TestMethodWorker.java:146)
at org.testng.internal.TestMethodWorker.run(TestMethodWorker.java:128)
at java.base/java.util.ArrayList.forEach(ArrayList.java:1511)
at org.testng.TestRunner.privateRun(TestRunner.java:794)
at org.testng.TestRunner.run(TestRunner.java:596)
at org.testng.SuiteRunner.runTest(SuiteRunner.java:377)
at org.testng.SuiteRunner.runSequentially(SuiteRunner.java:371)
at org.testng.SuiteRunner.privateRun(SuiteRunner.java:332)
at org.testng.SuiteRunner.run(SuiteRunner.java:276)
at org.testng.SuiteRunnerWorker.runSuite(SuiteRunnerWorker.java:53)
at org.testng.SuiteRunnerWorker.run(SuiteRunnerWorker.java:96)
at org.testng.TestNG.runSuitesSequentially(TestNG.java:1212)
at org.testng.TestNG.runSuitesLocally(TestNG.java:1134)
at org.testng.TestNG.runSuites(TestNG.java:1063)
at org.testng.TestNG.run(TestNG.java:1031)
at org.testng.remote.AbstractRemoteTestNG.run(AbstractRemoteTestNG.java:115)
at org.testng.remote.RemoteTestNG.initAndRun(RemoteTestNG.java:251)
at org.testng.remote.RemoteTestNG.main(RemoteTestNG.java:77)
]]>
    </error>
  </testcase> <!-- LogoMissingFile -->
  <system-out>
    <![CDATA[<a href='C:\Users\hema.nc\QualiDex_Packages\qualidex_demo\qualidex_demo\target\surefire-reports\failure_screenshots\failure_screenshots\LogoMissingFile_08_09_2021_03_08_46.png'> <img src='C:\Users\hema.nc\QualiDex_Packages\qualidex_demo\qualidex_demo\target\surefire-reports\failure_screenshots\failure_screenshots\LogoMissingFile_08_09_2021_03_08_46.png' height='100' width='100'/> </a>]]>
  </system-out>
  <testcase classname="com.qualitestgroup.data_extract_demo.BioReferencePOC" name="TextChangesFile" time="0.002">
    <error message="Cannot invoke &quot;String.toString()&quot; because the return value of &quot;com.qualitestgroup.data_extract_demo.BioReferencePOC.getConfigProperty(String)&quot; is null" type="java.lang.NullPointerException">
      <![CDATA[java.lang.NullPointerException: Cannot invoke "String.toString()" because the return value of "com.qualitestgroup.data_extract_demo.BioReferencePOC.getConfigProperty(String)" is null
at com.qualitestgroup.data_extract_demo.BioReferencePOC.compareTwoFiles(BioReferencePOC.java:120)
at com.qualitestgroup.data_extract_demo.BioReferencePOC.TextChangesFile(BioReferencePOC.java:253)
at java.base/jdk.internal.reflect.NativeMethodAccessorImpl.invoke0(Native Method)
at java.base/jdk.internal.reflect.NativeMethodAccessorImpl.invoke(NativeMethodAccessorImpl.java:78)
at java.base/jdk.internal.reflect.DelegatingMethodAccessorImpl.invoke(DelegatingMethodAccessorImpl.java:43)
at java.base/java.lang.reflect.Method.invoke(Method.java:567)
at org.testng.internal.MethodInvocationHelper.invokeMethod(MethodInvocationHelper.java:133)
at org.testng.internal.TestInvoker.invokeMethod(TestInvoker.java:598)
at org.testng.internal.TestInvoker.invokeTestMethod(TestInvoker.java:173)
at org.testng.internal.MethodRunner.runInSequence(MethodRunner.java:46)
at org.testng.internal.TestInvoker$MethodInvocationAgent.invoke(TestInvoker.java:824)
at org.testng.internal.TestInvoker.invokeTestMethods(TestInvoker.java:146)
at org.testng.internal.TestMethodWorker.invokeTestMethods(TestMethodWorker.java:146)
at org.testng.internal.TestMethodWorker.run(TestMethodWorker.java:128)
at java.base/java.util.ArrayList.forEach(ArrayList.java:1511)
at org.testng.TestRunner.privateRun(TestRunner.java:794)
at org.testng.TestRunner.run(TestRunner.java:596)
at org.testng.SuiteRunner.runTest(SuiteRunner.java:377)
at org.testng.SuiteRunner.runSequentially(SuiteRunner.java:371)
at org.testng.SuiteRunner.privateRun(SuiteRunner.java:332)
at org.testng.SuiteRunner.run(SuiteRunner.java:276)
at org.testng.SuiteRunnerWorker.runSuite(SuiteRunnerWorker.java:53)
at org.testng.SuiteRunnerWorker.run(SuiteRunnerWorker.java:96)
at org.testng.TestNG.runSuitesSequentially(TestNG.java:1212)
at org.testng.TestNG.runSuitesLocally(TestNG.java:1134)
at org.testng.TestNG.runSuites(TestNG.java:1063)
at org.testng.TestNG.run(TestNG.java:1031)
at org.testng.remote.AbstractRemoteTestNG.run(AbstractRemoteTestNG.java:115)
at org.testng.remote.RemoteTestNG.initAndRun(RemoteTestNG.java:251)
at org.testng.remote.RemoteTestNG.main(RemoteTestNG.java:77)
]]>
    </error>
  </testcase> <!-- TextChangesFile -->
  <system-out>
    <![CDATA[<a href='C:\Users\hema.nc\QualiDex_Packages\qualidex_demo\qualidex_demo\target\surefire-reports\failure_screenshots\failure_screenshots\TextChangesFile_08_09_2021_03_08_46.png'> <img src='C:\Users\hema.nc\QualiDex_Packages\qualidex_demo\qualidex_demo\target\surefire-reports\failure_screenshots\failure_screenshots\TextChangesFile_08_09_2021_03_08_46.png' height='100' width='100'/> </a>]]>
  </system-out>
</testsuite> <!-- com.qualitestgroup.data_extract_demo.BioReferencePOC -->
