<?xml version="1.0" encoding="UTF-8"?>
<!-- Generated by org.testng.reporters.JUnitReportReporter -->
<testsuite hostname="QT-INBG-LT0912" failures="0" tests="1" name="com.qualitestgroup.data_extract_demo.PdfCompare" time="21.609" errors="0" timestamp="22 Jul 2022 08:06:47 GMT" skipped="0">
  <testcase classname="com.qualitestgroup.data_extract_demo.PdfCompare" name="Compare" time="21.609"/>
</testsuite> <!-- com.qualitestgroup.data_extract_demo.PdfCompare -->
