<?xml version="1.0" encoding="UTF-8"?>
<!-- Generated by org.testng.reporters.JUnitReportReporter -->
<testsuite hostname="QT-INBG-LT1196" failures="0" tests="1" name="com.qualitestgroup.data_extract_demo.QualitestPortalPDFCompare" time="0.843" errors="0" timestamp="2021-09-07T19:32:55 IST" skipped="0">
  <testcase classname="com.qualitestgroup.data_extract_demo.QualitestPortalPDFCompare" name="TC_001" time="0.843"/>
  <system-out>
    <![CDATA[Load PDF content from First file BRB.pdf
Loaded PDF content from First file BRB.pdf Successfully
Load PDF content from Second file BRTEXT.pdf
Loaded PDF content from Second file BRTEXT.pdf Successfully
Verify number of pages are same
Verified!! Number of pages are same
Fetching data from PDF files
Fetched data from PDF files
Convert First and Second PDF files data into XML format successfully
Converted First and Second PDF files data into XML format successfully
Verify PDF data Content
Assertion Failed due to java.lang.AssertionError: Both PDFs paragraph line count differs please refer console logs to see failure in detail [</br>, Difference -> 1, Line number 1 has different data in both the files , First PDF Values :- • BioReference uses antibody tests with demonstrated high accuracy and lack of cross reactivity with other common coronaviruses. ,  and Second PDF Values :- • BioReference uses antibody tests with demonstrated high accuracy and lack of cross reactivity with other common coronavirus. , </br>, Difference -> 2, Line number 1 has different data in both the files , First PDF Values :- • COVID-19 patients with detectable antibody levels may still be infectious during the acute phase of infection. ,  and Second PDF Values :- • COVID-19 patients with detectable antibody levels may still be infectious during the acute phase of infections. ] expected [true] but found [false]
<a href='C:\Users\hema.nc\QualiDex_Packages\qualidex_demo\qualidex_demo\target\surefire-reports\failure_screenshots\failure_screenshots\TC_001_07_09_2021_07_32_55.png'> <img src='C:\Users\hema.nc\QualiDex_Packages\qualidex_demo\qualidex_demo\target\surefire-reports\failure_screenshots\failure_screenshots\TC_001_07_09_2021_07_32_55.png' height='100' width='100'/> </a>
Verified PDF data Content]]>
  </system-out>
</testsuite> <!-- com.qualitestgroup.data_extract_demo.QualitestPortalPDFCompare -->
