<?xml version="1.0" encoding="UTF-8"?>
<!-- Generated by org.testng.reporters.JUnitReportReporter -->
<<<<<<< HEAD
<testsuite hostname="QT-INBG-LT0912" failures="1" tests="1" name="com.qualitestgroup.data_extract_demo.Photography" time="28.486" errors="0" timestamp="20 Oct 2021 11:02:21 GMT">
  <testcase classname="com.qualitestgroup.data_extract_demo.Photography" name="Compare" time="28.486">
    <failure message="Test case failed due to Multiple Assertion failures
	PDF data differs with 1.88% &amp; for reference &lt;a href=C:\Users\pavan.kumar\eclipse-workspace\DemoQualidex4\Extract_Images\File_1_File_21.png&gt;link&lt;/a&gt; expected [true] but found [false],
	PDF data differs with 1.68% &amp; for reference &lt;a href=C:\Users\pavan.kumar\eclipse-workspace\DemoQualidex4\Extract_Images\File_1_File_22.png&gt;link&lt;/a&gt; expected [true] but found [false],
	PDF data differs with 9.21% &amp; for reference &lt;a href=C:\Users\pavan.kumar\eclipse-workspace\DemoQualidex4\Extract_Images\File_1_File_23.png&gt;link&lt;/a&gt; expected [true] but found [false],
	PDF data differs with 13.01% &amp; for reference &lt;a href=C:\Users\pavan.kumar\eclipse-workspace\DemoQualidex4\Extract_Images\File_1_File_24.png&gt;link&lt;/a&gt; expected [true] but found [false],
	PDF data differs with 6.87% &amp; for reference &lt;a href=C:\Users\pavan.kumar\eclipse-workspace\DemoQualidex4\Extract_Images\File_1_File_25.png&gt;link&lt;/a&gt; expected [true] but found [false]" type="java.lang.AssertionError">
      <![CDATA[java.lang.AssertionError: Test case failed due to Multiple Assertion failures
	PDF data differs with 1.88% & for reference <a href=C:\Users\pavan.kumar\eclipse-workspace\DemoQualidex4\Extract_Images\File_1_File_21.png>link</a> expected [true] but found [false],
	PDF data differs with 1.68% & for reference <a href=C:\Users\pavan.kumar\eclipse-workspace\DemoQualidex4\Extract_Images\File_1_File_22.png>link</a> expected [true] but found [false],
	PDF data differs with 9.21% & for reference <a href=C:\Users\pavan.kumar\eclipse-workspace\DemoQualidex4\Extract_Images\File_1_File_23.png>link</a> expected [true] but found [false],
	PDF data differs with 13.01% & for reference <a href=C:\Users\pavan.kumar\eclipse-workspace\DemoQualidex4\Extract_Images\File_1_File_24.png>link</a> expected [true] but found [false],
	PDF data differs with 6.87% & for reference <a href=C:\Users\pavan.kumar\eclipse-workspace\DemoQualidex4\Extract_Images\File_1_File_25.png>link</a> expected [true] but found [false]
	at com.qualitestgroup.data_extract_demo.damoregroup.Softassert.assertAll(Softassert.java:55)
	at com.qualitestgroup.data_extract_demo.Photography.Compare(Photography.java:420)
	at java.base/jdk.internal.reflect.NativeMethodAccessorImpl.invoke0(Native Method)
	at java.base/jdk.internal.reflect.NativeMethodAccessorImpl.invoke(NativeMethodAccessorImpl.java:62)
	at java.base/jdk.internal.reflect.DelegatingMethodAccessorImpl.invoke(DelegatingMethodAccessorImpl.java:43)
	at java.base/java.lang.reflect.Method.invoke(Method.java:566)
	at org.testng.internal.MethodInvocationHelper.invokeMethod(MethodInvocationHelper.java:85)
	at org.testng.internal.Invoker.invokeMethod(Invoker.java:659)
	at org.testng.internal.Invoker.invokeTestMethod(Invoker.java:845)
	at org.testng.internal.Invoker.invokeTestMethods(Invoker.java:1153)
	at org.testng.internal.TestMethodWorker.invokeTestMethods(TestMethodWorker.java:125)
	at org.testng.internal.TestMethodWorker.run(TestMethodWorker.java:108)
	at org.testng.TestRunner.privateRun(TestRunner.java:771)
	at org.testng.TestRunner.run(TestRunner.java:621)
	at org.testng.SuiteRunner.runTest(SuiteRunner.java:357)
	at org.testng.SuiteRunner.runSequentially(SuiteRunner.java:352)
	at org.testng.SuiteRunner.privateRun(SuiteRunner.java:310)
	at org.testng.SuiteRunner.run(SuiteRunner.java:259)
	at org.testng.SuiteRunnerWorker.runSuite(SuiteRunnerWorker.java:52)
	at org.testng.SuiteRunnerWorker.run(SuiteRunnerWorker.java:86)
	at org.testng.TestNG.runSuitesSequentially(TestNG.java:1199)
	at org.testng.TestNG.runSuitesLocally(TestNG.java:1124)
	at org.testng.TestNG.run(TestNG.java:1032)
	at org.testng.TestNG.privateMain(TestNG.java:1339)
	at org.testng.TestNG.main(TestNG.java:1308)
]]>
    </failure>
  </testcase> <!-- Compare -->
</testsuite> <!-- com.qualitestgroup.data_extract_demo.Photography -->
=======
<testsuite hostname="EC2AMAZ-8M8I36R" failures="7" tests="10" name="com.qualitestgroup.data_extract_demo.Photography" time="43.087" errors="0" timestamp="2021-09-16T08:37:22 GMT" skipped="0">
  <testcase classname="com.qualitestgroup.data_extract_demo.Photography" name="ColorChangesPDF" time="5.385">
    <failure message="Test case failed due to Multiple Assertion failures
	Both PDFs paragraph line count differs please refer console logs to see failure in detail [&lt;/br&gt;, Difference -&gt; 1, Line number 1 has different data in both the files , First PDF Values :- Inventor Louis Daguerre (1839) Hery Fox Talbot (1839),  and Second PDF Values :- Inventor Louis Daguerre (1830) Hery Fox Talbot (1839)] expected [true] but found [false],
	PDF data differs with 4.94% &amp; for reference &lt;a href=D:\QualiDex_New\qualidex_new\Extract_Images\Photography_image1_Photography_image21.png&gt;link&lt;/a&gt; expected [true] but found [false],
	Both PDFs paragraph line count differs please refer console logs to see failure in detail [&lt;/br&gt;, Difference -&gt; 1, Line number 1 has different data in both the files , First PDF Values :- production, recreational purposes, hobby, and mass communication.[1],  and Second PDF Values :- production, recreational purposes, hobby, and mass communication., &lt;/br&gt;, Difference -&gt; 2, Line number 1 has different data in both the files , First PDF Values :- either negative or positive depending on the purpose of the photographic material and the method,  and Second PDF Values :- either negative or positive depending on the purpose of the photographic material and the method of, &lt;/br&gt;, Difference -&gt; 3, Line number 1 has different data in both the files , First PDF Values :- of processing. A negative image on film is traditionally used to photographically create a positive,  and Second PDF Values :- processing. A negative images on film is traditionally used to photographically create a positive image, &lt;/br&gt;, Difference -&gt; 4, Line number 1 has different data in both the files , First PDF Values :- image on a paper base, known as a print, either by using an enlarger or by contact printing.,  and Second PDF Values :- on a paper base, known as a print, either by using an enlarger or by contact printing.] expected [true] but found [false],
	PDF data differs with 0.13% &amp; for reference &lt;a href=D:\QualiDex_New\qualidex_new\Extract_Images\Photography_Text1_Photography_Text21.png&gt;link&lt;/a&gt; expected [true] but found [false],
	Both PDFs paragraph line count differs please refer console logs to see failure in detail [&lt;/br&gt;, Difference -&gt; 1, Line number 1 has different data in both the files , First PDF Values :- Full Stack Developers work on both frontend, backend, and other APIs, while MEAN ,  and Second PDF Values :- Full Stack Developers work on both frontend, backend, and other APIs, whereas MEAN ] expected [true] but found [false],
	PDF data differs with 0.03% &amp; for reference &lt;a href=D:\QualiDex_New\qualidex_new\Extract_Images\SampleDoc1_SampleDoc21.png&gt;link&lt;/a&gt; expected [true] but found [false],
	PDF data differs with 0.01% &amp; for reference &lt;a href=D:\QualiDex_New\qualidex_new\Extract_Images\NewEditor_Color1_NewEditor_Color21.png&gt;link&lt;/a&gt; expected [true] but found [false]" type="java.lang.AssertionError">
      <![CDATA[java.lang.AssertionError: Test case failed due to Multiple Assertion failures
Both PDFs paragraph line count differs please refer console logs to see failure in detail [</br>, Difference -> 1, Line number 1 has different data in both the files , First PDF Values :- Inventor Louis Daguerre (1839) Hery Fox Talbot (1839),  and Second PDF Values :- Inventor Louis Daguerre (1830) Hery Fox Talbot (1839)] expected [true] but found [false],
PDF data differs with 4.94% & for reference <a href=D:\QualiDex_New\qualidex_new\Extract_Images\Photography_image1_Photography_image21.png>link</a> expected [true] but found [false],
Both PDFs paragraph line count differs please refer console logs to see failure in detail [</br>, Difference -> 1, Line number 1 has different data in both the files , First PDF Values :- production, recreational purposes, hobby, and mass communication.[1],  and Second PDF Values :- production, recreational purposes, hobby, and mass communication., </br>, Difference -> 2, Line number 1 has different data in both the files , First PDF Values :- either negative or positive depending on the purpose of the photographic material and the method,  and Second PDF Values :- either negative or positive depending on the purpose of the photographic material and the method of, </br>, Difference -> 3, Line number 1 has different data in both the files , First PDF Values :- of processing. A negative image on film is traditionally used to photographically create a positive,  and Second PDF Values :- processing. A negative images on film is traditionally used to photographically create a positive image, </br>, Difference -> 4, Line number 1 has different data in both the files , First PDF Values :- image on a paper base, known as a print, either by using an enlarger or by contact printing.,  and Second PDF Values :- on a paper base, known as a print, either by using an enlarger or by contact printing.] expected [true] but found [false],
PDF data differs with 0.13% & for reference <a href=D:\QualiDex_New\qualidex_new\Extract_Images\Photography_Text1_Photography_Text21.png>link</a> expected [true] but found [false],
Both PDFs paragraph line count differs please refer console logs to see failure in detail [</br>, Difference -> 1, Line number 1 has different data in both the files , First PDF Values :- Full Stack Developers work on both frontend, backend, and other APIs, while MEAN ,  and Second PDF Values :- Full Stack Developers work on both frontend, backend, and other APIs, whereas MEAN ] expected [true] but found [false],
PDF data differs with 0.03% & for reference <a href=D:\QualiDex_New\qualidex_new\Extract_Images\SampleDoc1_SampleDoc21.png>link</a> expected [true] but found [false],
PDF data differs with 0.01% & for reference <a href=D:\QualiDex_New\qualidex_new\Extract_Images\NewEditor_Color1_NewEditor_Color21.png>link</a> expected [true] but found [false]
at com.qualitestgroup.data_extract_demo.damoregroup.Softassert.assertAll(Softassert.java:55)
at com.qualitestgroup.data_extract_demo.Photography.compareTwoFiles(Photography.java:212)
at com.qualitestgroup.data_extract_demo.Photography.ColorChangesPDF(Photography.java:301)
at java.base/jdk.internal.reflect.NativeMethodAccessorImpl.invoke0(Native Method)
at java.base/jdk.internal.reflect.NativeMethodAccessorImpl.invoke(NativeMethodAccessorImpl.java:78)
at java.base/jdk.internal.reflect.DelegatingMethodAccessorImpl.invoke(DelegatingMethodAccessorImpl.java:43)
at java.base/java.lang.reflect.Method.invoke(Method.java:567)
at org.testng.internal.MethodInvocationHelper.invokeMethod(MethodInvocationHelper.java:133)
at org.testng.internal.TestInvoker.invokeMethod(TestInvoker.java:598)
at org.testng.internal.TestInvoker.invokeTestMethod(TestInvoker.java:173)
at org.testng.internal.MethodRunner.runInSequence(MethodRunner.java:46)
at org.testng.internal.TestInvoker$MethodInvocationAgent.invoke(TestInvoker.java:824)
at org.testng.internal.TestInvoker.invokeTestMethods(TestInvoker.java:146)
at org.testng.internal.TestMethodWorker.invokeTestMethods(TestMethodWorker.java:146)
at org.testng.internal.TestMethodWorker.run(TestMethodWorker.java:128)
at java.base/java.util.ArrayList.forEach(ArrayList.java:1511)
at org.testng.TestRunner.privateRun(TestRunner.java:794)
at org.testng.TestRunner.run(TestRunner.java:596)
at org.testng.SuiteRunner.runTest(SuiteRunner.java:377)
at org.testng.SuiteRunner.runSequentially(SuiteRunner.java:371)
at org.testng.SuiteRunner.privateRun(SuiteRunner.java:332)
at org.testng.SuiteRunner.run(SuiteRunner.java:276)
at org.testng.SuiteRunnerWorker.runSuite(SuiteRunnerWorker.java:53)
at org.testng.SuiteRunnerWorker.run(SuiteRunnerWorker.java:96)
at org.testng.TestNG.runSuitesSequentially(TestNG.java:1212)
at org.testng.TestNG.runSuitesLocally(TestNG.java:1134)
at org.testng.TestNG.runSuites(TestNG.java:1063)
at org.testng.TestNG.run(TestNG.java:1031)
at org.testng.remote.AbstractRemoteTestNG.run(AbstractRemoteTestNG.java:115)
at org.testng.remote.RemoteTestNG.initAndRun(RemoteTestNG.java:251)
at org.testng.remote.RemoteTestNG.main(RemoteTestNG.java:77)
]]>
    </failure>
  </testcase> <!-- ColorChangesPDF -->
  <system-out>
    <![CDATA[Load PDF content from First file NewEditor_Color1.pdf
Loaded PDF content from First file NewEditor_Color1.pdf Successfully
Load PDF content from Second file NewEditor_Color2.pdf
Loaded PDF content from Second file NewEditor_Color2.pdf Successfully
Verify number of pages are same
Verified!! Number of pages are same
Fetching data from PDF files
Fetched data from PDF files
Convert First and Second PDF files data into XML format successfully
Converted First and Second PDF files data into XML format successfully
Verify PDF data Content
Verified PDF data Content
Compare extracted image with reference image
Assertion Failed due to java.lang.AssertionError: PDF data differs with 0.01% & for reference <a href=D:\QualiDex_New\qualidex_new\Extract_Images\NewEditor_Color1_NewEditor_Color21.png>link</a> expected [true] but found [false]
<a href='D:\QualiDex_New\qualidex_new\target\surefire-reports\failure_screenshots\failure_screenshots\ColorChangesPDF_16_09_2021_08_37_07.png'> <img src='D:\QualiDex_New\qualidex_new\target\surefire-reports\failure_screenshots\failure_screenshots\ColorChangesPDF_16_09_2021_08_37_07.png' height='100' width='100'/> </a>
Compared extracted image with reference image successfully
<a href='D:\QualiDex_New\qualidex_new\target\surefire-reports\failure_screenshots\failure_screenshots\ColorChangesPDF_16_09_2021_08_37_07.png'> <img src='D:\QualiDex_New\qualidex_new\target\surefire-reports\failure_screenshots\failure_screenshots\ColorChangesPDF_16_09_2021_08_37_07.png' height='100' width='100'/> </a>]]>
  </system-out>
  <testcase classname="com.qualitestgroup.data_extract_demo.Photography" name="TextChangesPDF" time="4.457">
    <failure message="Test case failed due to Multiple Assertion failures
	Both PDFs paragraph line count differs please refer console logs to see failure in detail [&lt;/br&gt;, Difference -&gt; 1, Line number 1 has different data in both the files , First PDF Values :- Inventor Louis Daguerre (1839) Hery Fox Talbot (1839),  and Second PDF Values :- Inventor Louis Daguerre (1830) Hery Fox Talbot (1839)] expected [true] but found [false],
	PDF data differs with 4.94% &amp; for reference &lt;a href=D:\QualiDex_New\qualidex_new\Extract_Images\Photography_image1_Photography_image21.png&gt;link&lt;/a&gt; expected [true] but found [false],
	Both PDFs paragraph line count differs please refer console logs to see failure in detail [&lt;/br&gt;, Difference -&gt; 1, Line number 1 has different data in both the files , First PDF Values :- production, recreational purposes, hobby, and mass communication.[1],  and Second PDF Values :- production, recreational purposes, hobby, and mass communication., &lt;/br&gt;, Difference -&gt; 2, Line number 1 has different data in both the files , First PDF Values :- either negative or positive depending on the purpose of the photographic material and the method,  and Second PDF Values :- either negative or positive depending on the purpose of the photographic material and the method of, &lt;/br&gt;, Difference -&gt; 3, Line number 1 has different data in both the files , First PDF Values :- of processing. A negative image on film is traditionally used to photographically create a positive,  and Second PDF Values :- processing. A negative images on film is traditionally used to photographically create a positive image, &lt;/br&gt;, Difference -&gt; 4, Line number 1 has different data in both the files , First PDF Values :- image on a paper base, known as a print, either by using an enlarger or by contact printing.,  and Second PDF Values :- on a paper base, known as a print, either by using an enlarger or by contact printing.] expected [true] but found [false],
	PDF data differs with 0.13% &amp; for reference &lt;a href=D:\QualiDex_New\qualidex_new\Extract_Images\Photography_Text1_Photography_Text21.png&gt;link&lt;/a&gt; expected [true] but found [false],
	Both PDFs paragraph line count differs please refer console logs to see failure in detail [&lt;/br&gt;, Difference -&gt; 1, Line number 1 has different data in both the files , First PDF Values :- Full Stack Developers work on both frontend, backend, and other APIs, while MEAN ,  and Second PDF Values :- Full Stack Developers work on both frontend, backend, and other APIs, whereas MEAN ] expected [true] but found [false],
	PDF data differs with 0.03% &amp; for reference &lt;a href=D:\QualiDex_New\qualidex_new\Extract_Images\SampleDoc1_SampleDoc21.png&gt;link&lt;/a&gt; expected [true] but found [false]" type="java.lang.AssertionError">
      <![CDATA[java.lang.AssertionError: Test case failed due to Multiple Assertion failures
Both PDFs paragraph line count differs please refer console logs to see failure in detail [</br>, Difference -> 1, Line number 1 has different data in both the files , First PDF Values :- Inventor Louis Daguerre (1839) Hery Fox Talbot (1839),  and Second PDF Values :- Inventor Louis Daguerre (1830) Hery Fox Talbot (1839)] expected [true] but found [false],
PDF data differs with 4.94% & for reference <a href=D:\QualiDex_New\qualidex_new\Extract_Images\Photography_image1_Photography_image21.png>link</a> expected [true] but found [false],
Both PDFs paragraph line count differs please refer console logs to see failure in detail [</br>, Difference -> 1, Line number 1 has different data in both the files , First PDF Values :- production, recreational purposes, hobby, and mass communication.[1],  and Second PDF Values :- production, recreational purposes, hobby, and mass communication., </br>, Difference -> 2, Line number 1 has different data in both the files , First PDF Values :- either negative or positive depending on the purpose of the photographic material and the method,  and Second PDF Values :- either negative or positive depending on the purpose of the photographic material and the method of, </br>, Difference -> 3, Line number 1 has different data in both the files , First PDF Values :- of processing. A negative image on film is traditionally used to photographically create a positive,  and Second PDF Values :- processing. A negative images on film is traditionally used to photographically create a positive image, </br>, Difference -> 4, Line number 1 has different data in both the files , First PDF Values :- image on a paper base, known as a print, either by using an enlarger or by contact printing.,  and Second PDF Values :- on a paper base, known as a print, either by using an enlarger or by contact printing.] expected [true] but found [false],
PDF data differs with 0.13% & for reference <a href=D:\QualiDex_New\qualidex_new\Extract_Images\Photography_Text1_Photography_Text21.png>link</a> expected [true] but found [false],
Both PDFs paragraph line count differs please refer console logs to see failure in detail [</br>, Difference -> 1, Line number 1 has different data in both the files , First PDF Values :- Full Stack Developers work on both frontend, backend, and other APIs, while MEAN ,  and Second PDF Values :- Full Stack Developers work on both frontend, backend, and other APIs, whereas MEAN ] expected [true] but found [false],
PDF data differs with 0.03% & for reference <a href=D:\QualiDex_New\qualidex_new\Extract_Images\SampleDoc1_SampleDoc21.png>link</a> expected [true] but found [false]
at com.qualitestgroup.data_extract_demo.damoregroup.Softassert.assertAll(Softassert.java:55)
at com.qualitestgroup.data_extract_demo.Photography.compareTwoFiles(Photography.java:212)
at com.qualitestgroup.data_extract_demo.Photography.TextChangesPDF(Photography.java:291)
at java.base/jdk.internal.reflect.NativeMethodAccessorImpl.invoke0(Native Method)
at java.base/jdk.internal.reflect.NativeMethodAccessorImpl.invoke(NativeMethodAccessorImpl.java:78)
at java.base/jdk.internal.reflect.DelegatingMethodAccessorImpl.invoke(DelegatingMethodAccessorImpl.java:43)
at java.base/java.lang.reflect.Method.invoke(Method.java:567)
at org.testng.internal.MethodInvocationHelper.invokeMethod(MethodInvocationHelper.java:133)
at org.testng.internal.TestInvoker.invokeMethod(TestInvoker.java:598)
at org.testng.internal.TestInvoker.invokeTestMethod(TestInvoker.java:173)
at org.testng.internal.MethodRunner.runInSequence(MethodRunner.java:46)
at org.testng.internal.TestInvoker$MethodInvocationAgent.invoke(TestInvoker.java:824)
at org.testng.internal.TestInvoker.invokeTestMethods(TestInvoker.java:146)
at org.testng.internal.TestMethodWorker.invokeTestMethods(TestMethodWorker.java:146)
at org.testng.internal.TestMethodWorker.run(TestMethodWorker.java:128)
at java.base/java.util.ArrayList.forEach(ArrayList.java:1511)
at org.testng.TestRunner.privateRun(TestRunner.java:794)
at org.testng.TestRunner.run(TestRunner.java:596)
at org.testng.SuiteRunner.runTest(SuiteRunner.java:377)
at org.testng.SuiteRunner.runSequentially(SuiteRunner.java:371)
at org.testng.SuiteRunner.privateRun(SuiteRunner.java:332)
at org.testng.SuiteRunner.run(SuiteRunner.java:276)
at org.testng.SuiteRunnerWorker.runSuite(SuiteRunnerWorker.java:53)
at org.testng.SuiteRunnerWorker.run(SuiteRunnerWorker.java:96)
at org.testng.TestNG.runSuitesSequentially(TestNG.java:1212)
at org.testng.TestNG.runSuitesLocally(TestNG.java:1134)
at org.testng.TestNG.runSuites(TestNG.java:1063)
at org.testng.TestNG.run(TestNG.java:1031)
at org.testng.remote.AbstractRemoteTestNG.run(AbstractRemoteTestNG.java:115)
at org.testng.remote.RemoteTestNG.initAndRun(RemoteTestNG.java:251)
at org.testng.remote.RemoteTestNG.main(RemoteTestNG.java:77)
]]>
    </failure>
  </testcase> <!-- TextChangesPDF -->
  <system-out>
    <![CDATA[Load PDF content from First file SampleDoc1.pdf
Loaded PDF content from First file SampleDoc1.pdf Successfully
Load PDF content from Second file SampleDoc2.pdf
Loaded PDF content from Second file SampleDoc2.pdf Successfully
Verify number of pages are same
Verified!! Number of pages are same
Fetching data from PDF files
Fetched data from PDF files
Convert First and Second PDF files data into XML format successfully
Converted First and Second PDF files data into XML format successfully
Verify PDF data Content
Assertion Failed due to java.lang.AssertionError: Both PDFs paragraph line count differs please refer console logs to see failure in detail [</br>, Difference -> 1, Line number 1 has different data in both the files , First PDF Values :- Full Stack Developers work on both frontend, backend, and other APIs, while MEAN ,  and Second PDF Values :- Full Stack Developers work on both frontend, backend, and other APIs, whereas MEAN ] expected [true] but found [false]
<a href='D:\QualiDex_New\qualidex_new\target\surefire-reports\failure_screenshots\failure_screenshots\TextChangesPDF_16_09_2021_08_36_58.png'> <img src='D:\QualiDex_New\qualidex_new\target\surefire-reports\failure_screenshots\failure_screenshots\TextChangesPDF_16_09_2021_08_36_58.png' height='100' width='100'/> </a>
Verified PDF data Content
Compare extracted image with reference image
Assertion Failed due to java.lang.AssertionError: PDF data differs with 0.03% & for reference <a href=D:\QualiDex_New\qualidex_new\Extract_Images\SampleDoc1_SampleDoc21.png>link</a> expected [true] but found [false]
<a href='D:\QualiDex_New\qualidex_new\target\surefire-reports\failure_screenshots\failure_screenshots\TextChangesPDF_16_09_2021_08_37_02.png'> <img src='D:\QualiDex_New\qualidex_new\target\surefire-reports\failure_screenshots\failure_screenshots\TextChangesPDF_16_09_2021_08_37_02.png' height='100' width='100'/> </a>
Compared extracted image with reference image successfully
<a href='D:\QualiDex_New\qualidex_new\target\surefire-reports\failure_screenshots\failure_screenshots\TextChangesPDF_16_09_2021_08_37_02.png'> <img src='D:\QualiDex_New\qualidex_new\target\surefire-reports\failure_screenshots\failure_screenshots\TextChangesPDF_16_09_2021_08_37_02.png' height='100' width='100'/> </a>]]>
  </system-out>
  <testcase classname="com.qualitestgroup.data_extract_demo.Photography" name="SpaceChangesPDF" time="5.396">
    <failure message="Test case failed due to Multiple Assertion failures
	Both PDFs paragraph line count differs please refer console logs to see failure in detail [&lt;/br&gt;, Difference -&gt; 1, Line number 1 has different data in both the files , First PDF Values :- Inventor Louis Daguerre (1839) Hery Fox Talbot (1839),  and Second PDF Values :- Inventor Louis Daguerre (1830) Hery Fox Talbot (1839)] expected [true] but found [false],
	PDF data differs with 4.94% &amp; for reference &lt;a href=D:\QualiDex_New\qualidex_new\Extract_Images\Photography_image1_Photography_image21.png&gt;link&lt;/a&gt; expected [true] but found [false],
	Both PDFs paragraph line count differs please refer console logs to see failure in detail [&lt;/br&gt;, Difference -&gt; 1, Line number 1 has different data in both the files , First PDF Values :- production, recreational purposes, hobby, and mass communication.[1],  and Second PDF Values :- production, recreational purposes, hobby, and mass communication., &lt;/br&gt;, Difference -&gt; 2, Line number 1 has different data in both the files , First PDF Values :- either negative or positive depending on the purpose of the photographic material and the method,  and Second PDF Values :- either negative or positive depending on the purpose of the photographic material and the method of, &lt;/br&gt;, Difference -&gt; 3, Line number 1 has different data in both the files , First PDF Values :- of processing. A negative image on film is traditionally used to photographically create a positive,  and Second PDF Values :- processing. A negative images on film is traditionally used to photographically create a positive image, &lt;/br&gt;, Difference -&gt; 4, Line number 1 has different data in both the files , First PDF Values :- image on a paper base, known as a print, either by using an enlarger or by contact printing.,  and Second PDF Values :- on a paper base, known as a print, either by using an enlarger or by contact printing.] expected [true] but found [false],
	PDF data differs with 0.13% &amp; for reference &lt;a href=D:\QualiDex_New\qualidex_new\Extract_Images\Photography_Text1_Photography_Text21.png&gt;link&lt;/a&gt; expected [true] but found [false],
	Both PDFs paragraph line count differs please refer console logs to see failure in detail [&lt;/br&gt;, Difference -&gt; 1, Line number 1 has different data in both the files , First PDF Values :- Full Stack Developers work on both frontend, backend, and other APIs, while MEAN ,  and Second PDF Values :- Full Stack Developers work on both frontend, backend, and other APIs, whereas MEAN ] expected [true] but found [false],
	PDF data differs with 0.03% &amp; for reference &lt;a href=D:\QualiDex_New\qualidex_new\Extract_Images\SampleDoc1_SampleDoc21.png&gt;link&lt;/a&gt; expected [true] but found [false],
	PDF data differs with 0.01% &amp; for reference &lt;a href=D:\QualiDex_New\qualidex_new\Extract_Images\NewEditor_Color1_NewEditor_Color21.png&gt;link&lt;/a&gt; expected [true] but found [false],
	PDF data differs with 0.02% &amp; for reference &lt;a href=D:\QualiDex_New\qualidex_new\Extract_Images\NewEditor_Space1_NewEditor_Space21.png&gt;link&lt;/a&gt; expected [true] but found [false]" type="java.lang.AssertionError">
      <![CDATA[java.lang.AssertionError: Test case failed due to Multiple Assertion failures
Both PDFs paragraph line count differs please refer console logs to see failure in detail [</br>, Difference -> 1, Line number 1 has different data in both the files , First PDF Values :- Inventor Louis Daguerre (1839) Hery Fox Talbot (1839),  and Second PDF Values :- Inventor Louis Daguerre (1830) Hery Fox Talbot (1839)] expected [true] but found [false],
PDF data differs with 4.94% & for reference <a href=D:\QualiDex_New\qualidex_new\Extract_Images\Photography_image1_Photography_image21.png>link</a> expected [true] but found [false],
Both PDFs paragraph line count differs please refer console logs to see failure in detail [</br>, Difference -> 1, Line number 1 has different data in both the files , First PDF Values :- production, recreational purposes, hobby, and mass communication.[1],  and Second PDF Values :- production, recreational purposes, hobby, and mass communication., </br>, Difference -> 2, Line number 1 has different data in both the files , First PDF Values :- either negative or positive depending on the purpose of the photographic material and the method,  and Second PDF Values :- either negative or positive depending on the purpose of the photographic material and the method of, </br>, Difference -> 3, Line number 1 has different data in both the files , First PDF Values :- of processing. A negative image on film is traditionally used to photographically create a positive,  and Second PDF Values :- processing. A negative images on film is traditionally used to photographically create a positive image, </br>, Difference -> 4, Line number 1 has different data in both the files , First PDF Values :- image on a paper base, known as a print, either by using an enlarger or by contact printing.,  and Second PDF Values :- on a paper base, known as a print, either by using an enlarger or by contact printing.] expected [true] but found [false],
PDF data differs with 0.13% & for reference <a href=D:\QualiDex_New\qualidex_new\Extract_Images\Photography_Text1_Photography_Text21.png>link</a> expected [true] but found [false],
Both PDFs paragraph line count differs please refer console logs to see failure in detail [</br>, Difference -> 1, Line number 1 has different data in both the files , First PDF Values :- Full Stack Developers work on both frontend, backend, and other APIs, while MEAN ,  and Second PDF Values :- Full Stack Developers work on both frontend, backend, and other APIs, whereas MEAN ] expected [true] but found [false],
PDF data differs with 0.03% & for reference <a href=D:\QualiDex_New\qualidex_new\Extract_Images\SampleDoc1_SampleDoc21.png>link</a> expected [true] but found [false],
PDF data differs with 0.01% & for reference <a href=D:\QualiDex_New\qualidex_new\Extract_Images\NewEditor_Color1_NewEditor_Color21.png>link</a> expected [true] but found [false],
PDF data differs with 0.02% & for reference <a href=D:\QualiDex_New\qualidex_new\Extract_Images\NewEditor_Space1_NewEditor_Space21.png>link</a> expected [true] but found [false]
at com.qualitestgroup.data_extract_demo.damoregroup.Softassert.assertAll(Softassert.java:55)
at com.qualitestgroup.data_extract_demo.Photography.compareTwoFiles(Photography.java:212)
at com.qualitestgroup.data_extract_demo.Photography.SpaceChangesPDF(Photography.java:311)
at java.base/jdk.internal.reflect.NativeMethodAccessorImpl.invoke0(Native Method)
at java.base/jdk.internal.reflect.NativeMethodAccessorImpl.invoke(NativeMethodAccessorImpl.java:78)
at java.base/jdk.internal.reflect.DelegatingMethodAccessorImpl.invoke(DelegatingMethodAccessorImpl.java:43)
at java.base/java.lang.reflect.Method.invoke(Method.java:567)
at org.testng.internal.MethodInvocationHelper.invokeMethod(MethodInvocationHelper.java:133)
at org.testng.internal.TestInvoker.invokeMethod(TestInvoker.java:598)
at org.testng.internal.TestInvoker.invokeTestMethod(TestInvoker.java:173)
at org.testng.internal.MethodRunner.runInSequence(MethodRunner.java:46)
at org.testng.internal.TestInvoker$MethodInvocationAgent.invoke(TestInvoker.java:824)
at org.testng.internal.TestInvoker.invokeTestMethods(TestInvoker.java:146)
at org.testng.internal.TestMethodWorker.invokeTestMethods(TestMethodWorker.java:146)
at org.testng.internal.TestMethodWorker.run(TestMethodWorker.java:128)
at java.base/java.util.ArrayList.forEach(ArrayList.java:1511)
at org.testng.TestRunner.privateRun(TestRunner.java:794)
at org.testng.TestRunner.run(TestRunner.java:596)
at org.testng.SuiteRunner.runTest(SuiteRunner.java:377)
at org.testng.SuiteRunner.runSequentially(SuiteRunner.java:371)
at org.testng.SuiteRunner.privateRun(SuiteRunner.java:332)
at org.testng.SuiteRunner.run(SuiteRunner.java:276)
at org.testng.SuiteRunnerWorker.runSuite(SuiteRunnerWorker.java:53)
at org.testng.SuiteRunnerWorker.run(SuiteRunnerWorker.java:96)
at org.testng.TestNG.runSuitesSequentially(TestNG.java:1212)
at org.testng.TestNG.runSuitesLocally(TestNG.java:1134)
at org.testng.TestNG.runSuites(TestNG.java:1063)
at org.testng.TestNG.run(TestNG.java:1031)
at org.testng.remote.AbstractRemoteTestNG.run(AbstractRemoteTestNG.java:115)
at org.testng.remote.RemoteTestNG.initAndRun(RemoteTestNG.java:251)
at org.testng.remote.RemoteTestNG.main(RemoteTestNG.java:77)
]]>
    </failure>
  </testcase> <!-- SpaceChangesPDF -->
  <system-out>
    <![CDATA[Load PDF content from First file NewEditor_Space1.pdf
Loaded PDF content from First file NewEditor_Space1.pdf Successfully
Load PDF content from Second file NewEditor_Space2.pdf
Loaded PDF content from Second file NewEditor_Space2.pdf Successfully
Verify number of pages are same
Verified!! Number of pages are same
Fetching data from PDF files
Fetched data from PDF files
Convert First and Second PDF files data into XML format successfully
Converted First and Second PDF files data into XML format successfully
Verify PDF data Content
Verified PDF data Content
Compare extracted image with reference image
Assertion Failed due to java.lang.AssertionError: PDF data differs with 0.02% & for reference <a href=D:\QualiDex_New\qualidex_new\Extract_Images\NewEditor_Space1_NewEditor_Space21.png>link</a> expected [true] but found [false]
<a href='D:\QualiDex_New\qualidex_new\target\surefire-reports\failure_screenshots\failure_screenshots\SpaceChangesPDF_16_09_2021_08_37_13.png'> <img src='D:\QualiDex_New\qualidex_new\target\surefire-reports\failure_screenshots\failure_screenshots\SpaceChangesPDF_16_09_2021_08_37_13.png' height='100' width='100'/> </a>
Compared extracted image with reference image successfully
<a href='D:\QualiDex_New\qualidex_new\target\surefire-reports\failure_screenshots\failure_screenshots\SpaceChangesPDF_16_09_2021_08_37_13.png'> <img src='D:\QualiDex_New\qualidex_new\target\surefire-reports\failure_screenshots\failure_screenshots\SpaceChangesPDF_16_09_2021_08_37_13.png' height='100' width='100'/> </a>]]>
  </system-out>
  <testcase classname="com.qualitestgroup.data_extract_demo.Photography" name="NumericsChangesPDF" time="1.978"/>
  <system-out>
    <![CDATA[Load PDF content from First file Geo_Numerics1.pdf
Loaded PDF content from First file Geo_Numerics1.pdf Successfully
Load PDF content from Second file Geo_Numerics2.pdf
Loaded PDF content from Second file Geo_Numerics2.pdf Successfully
Verify number of pages are same
Verified!! Number of pages are same
Fetching data from PDF files
Fetched data from PDF files
Convert First and Second PDF files data into XML format successfully
Converted First and Second PDF files data into XML format successfully
Verify PDF data Content
Verified PDF data Content
Compare extracted image with reference image
Compared extracted image with reference image successfully]]>
  </system-out>
  <testcase classname="com.qualitestgroup.data_extract_demo.Photography" name="CharChangesPDF" time="4.630"/>
  <system-out>
    <![CDATA[Load PDF content from First file NewEditor_Char1.pdf
Loaded PDF content from First file NewEditor_Char1.pdf Successfully
Load PDF content from Second file NewEditor_Char2.pdf
Loaded PDF content from Second file NewEditor_Char2.pdf Successfully
Verify number of pages are same
Verified!! Number of pages are same
Fetching data from PDF files
Fetched data from PDF files
Convert First and Second PDF files data into XML format successfully
Converted First and Second PDF files data into XML format successfully
Verify PDF data Content
Verified PDF data Content
Compare extracted image with reference image
Compared extracted image with reference image successfully]]>
  </system-out>
  <testcase classname="com.qualitestgroup.data_extract_demo.Photography" name="TextChangesFile" time="4.333">
    <failure message="Test case failed due to Multiple Assertion failures
	Both PDFs paragraph line count differs please refer console logs to see failure in detail [&lt;/br&gt;, Difference -&gt; 1, Line number 1 has different data in both the files , First PDF Values :- Inventor Louis Daguerre (1839) Hery Fox Talbot (1839),  and Second PDF Values :- Inventor Louis Daguerre (1830) Hery Fox Talbot (1839)] expected [true] but found [false],
	PDF data differs with 4.94% &amp; for reference &lt;a href=D:\QualiDex_New\qualidex_new\Extract_Images\Photography_image1_Photography_image21.png&gt;link&lt;/a&gt; expected [true] but found [false],
	Both PDFs paragraph line count differs please refer console logs to see failure in detail [&lt;/br&gt;, Difference -&gt; 1, Line number 1 has different data in both the files , First PDF Values :- production, recreational purposes, hobby, and mass communication.[1],  and Second PDF Values :- production, recreational purposes, hobby, and mass communication., &lt;/br&gt;, Difference -&gt; 2, Line number 1 has different data in both the files , First PDF Values :- either negative or positive depending on the purpose of the photographic material and the method,  and Second PDF Values :- either negative or positive depending on the purpose of the photographic material and the method of, &lt;/br&gt;, Difference -&gt; 3, Line number 1 has different data in both the files , First PDF Values :- of processing. A negative image on film is traditionally used to photographically create a positive,  and Second PDF Values :- processing. A negative images on film is traditionally used to photographically create a positive image, &lt;/br&gt;, Difference -&gt; 4, Line number 1 has different data in both the files , First PDF Values :- image on a paper base, known as a print, either by using an enlarger or by contact printing.,  and Second PDF Values :- on a paper base, known as a print, either by using an enlarger or by contact printing.] expected [true] but found [false],
	PDF data differs with 0.13% &amp; for reference &lt;a href=D:\QualiDex_New\qualidex_new\Extract_Images\Photography_Text1_Photography_Text21.png&gt;link&lt;/a&gt; expected [true] but found [false]" type="java.lang.AssertionError">
      <![CDATA[java.lang.AssertionError: Test case failed due to Multiple Assertion failures
Both PDFs paragraph line count differs please refer console logs to see failure in detail [</br>, Difference -> 1, Line number 1 has different data in both the files , First PDF Values :- Inventor Louis Daguerre (1839) Hery Fox Talbot (1839),  and Second PDF Values :- Inventor Louis Daguerre (1830) Hery Fox Talbot (1839)] expected [true] but found [false],
PDF data differs with 4.94% & for reference <a href=D:\QualiDex_New\qualidex_new\Extract_Images\Photography_image1_Photography_image21.png>link</a> expected [true] but found [false],
Both PDFs paragraph line count differs please refer console logs to see failure in detail [</br>, Difference -> 1, Line number 1 has different data in both the files , First PDF Values :- production, recreational purposes, hobby, and mass communication.[1],  and Second PDF Values :- production, recreational purposes, hobby, and mass communication., </br>, Difference -> 2, Line number 1 has different data in both the files , First PDF Values :- either negative or positive depending on the purpose of the photographic material and the method,  and Second PDF Values :- either negative or positive depending on the purpose of the photographic material and the method of, </br>, Difference -> 3, Line number 1 has different data in both the files , First PDF Values :- of processing. A negative image on film is traditionally used to photographically create a positive,  and Second PDF Values :- processing. A negative images on film is traditionally used to photographically create a positive image, </br>, Difference -> 4, Line number 1 has different data in both the files , First PDF Values :- image on a paper base, known as a print, either by using an enlarger or by contact printing.,  and Second PDF Values :- on a paper base, known as a print, either by using an enlarger or by contact printing.] expected [true] but found [false],
PDF data differs with 0.13% & for reference <a href=D:\QualiDex_New\qualidex_new\Extract_Images\Photography_Text1_Photography_Text21.png>link</a> expected [true] but found [false]
at com.qualitestgroup.data_extract_demo.damoregroup.Softassert.assertAll(Softassert.java:55)
at com.qualitestgroup.data_extract_demo.Photography.compareTwoFiles(Photography.java:212)
at com.qualitestgroup.data_extract_demo.Photography.TextChangesFile(Photography.java:277)
at java.base/jdk.internal.reflect.NativeMethodAccessorImpl.invoke0(Native Method)
at java.base/jdk.internal.reflect.NativeMethodAccessorImpl.invoke(NativeMethodAccessorImpl.java:78)
at java.base/jdk.internal.reflect.DelegatingMethodAccessorImpl.invoke(DelegatingMethodAccessorImpl.java:43)
at java.base/java.lang.reflect.Method.invoke(Method.java:567)
at org.testng.internal.MethodInvocationHelper.invokeMethod(MethodInvocationHelper.java:133)
at org.testng.internal.TestInvoker.invokeMethod(TestInvoker.java:598)
at org.testng.internal.TestInvoker.invokeTestMethod(TestInvoker.java:173)
at org.testng.internal.MethodRunner.runInSequence(MethodRunner.java:46)
at org.testng.internal.TestInvoker$MethodInvocationAgent.invoke(TestInvoker.java:824)
at org.testng.internal.TestInvoker.invokeTestMethods(TestInvoker.java:146)
at org.testng.internal.TestMethodWorker.invokeTestMethods(TestMethodWorker.java:146)
at org.testng.internal.TestMethodWorker.run(TestMethodWorker.java:128)
at java.base/java.util.ArrayList.forEach(ArrayList.java:1511)
at org.testng.TestRunner.privateRun(TestRunner.java:794)
at org.testng.TestRunner.run(TestRunner.java:596)
at org.testng.SuiteRunner.runTest(SuiteRunner.java:377)
at org.testng.SuiteRunner.runSequentially(SuiteRunner.java:371)
at org.testng.SuiteRunner.privateRun(SuiteRunner.java:332)
at org.testng.SuiteRunner.run(SuiteRunner.java:276)
at org.testng.SuiteRunnerWorker.runSuite(SuiteRunnerWorker.java:53)
at org.testng.SuiteRunnerWorker.run(SuiteRunnerWorker.java:96)
at org.testng.TestNG.runSuitesSequentially(TestNG.java:1212)
at org.testng.TestNG.runSuitesLocally(TestNG.java:1134)
at org.testng.TestNG.runSuites(TestNG.java:1063)
at org.testng.TestNG.run(TestNG.java:1031)
at org.testng.remote.AbstractRemoteTestNG.run(AbstractRemoteTestNG.java:115)
at org.testng.remote.RemoteTestNG.initAndRun(RemoteTestNG.java:251)
at org.testng.remote.RemoteTestNG.main(RemoteTestNG.java:77)
]]>
    </failure>
  </testcase> <!-- TextChangesFile -->
  <system-out>
    <![CDATA[Load PDF content from First file Photography_Text1.pdf
Loaded PDF content from First file Photography_Text1.pdf Successfully
Load PDF content from Second file Photography_Text2.pdf
Loaded PDF content from Second file Photography_Text2.pdf Successfully
Verify number of pages are same
Verified!! Number of pages are same
Fetching data from PDF files
Fetched data from PDF files
Convert First and Second PDF files data into XML format successfully
Converted First and Second PDF files data into XML format successfully
Verify PDF data Content
Assertion Failed due to java.lang.AssertionError: Both PDFs paragraph line count differs please refer console logs to see failure in detail [</br>, Difference -> 1, Line number 1 has different data in both the files , First PDF Values :- production, recreational purposes, hobby, and mass communication.[1],  and Second PDF Values :- production, recreational purposes, hobby, and mass communication., </br>, Difference -> 2, Line number 1 has different data in both the files , First PDF Values :- either negative or positive depending on the purpose of the photographic material and the method,  and Second PDF Values :- either negative or positive depending on the purpose of the photographic material and the method of, </br>, Difference -> 3, Line number 1 has different data in both the files , First PDF Values :- of processing. A negative image on film is traditionally used to photographically create a positive,  and Second PDF Values :- processing. A negative images on film is traditionally used to photographically create a positive image, </br>, Difference -> 4, Line number 1 has different data in both the files , First PDF Values :- image on a paper base, known as a print, either by using an enlarger or by contact printing.,  and Second PDF Values :- on a paper base, known as a print, either by using an enlarger or by contact printing.] expected [true] but found [false]
<a href='D:\QualiDex_New\qualidex_new\target\surefire-reports\failure_screenshots\failure_screenshots\TextChangesFile_16_09_2021_08_36_53.png'> <img src='D:\QualiDex_New\qualidex_new\target\surefire-reports\failure_screenshots\failure_screenshots\TextChangesFile_16_09_2021_08_36_53.png' height='100' width='100'/> </a>
Verified PDF data Content
Compare extracted image with reference image
Assertion Failed due to java.lang.AssertionError: PDF data differs with 0.13% & for reference <a href=D:\QualiDex_New\qualidex_new\Extract_Images\Photography_Text1_Photography_Text21.png>link</a> expected [true] but found [false]
<a href='D:\QualiDex_New\qualidex_new\target\surefire-reports\failure_screenshots\failure_screenshots\TextChangesFile_16_09_2021_08_36_57.png'> <img src='D:\QualiDex_New\qualidex_new\target\surefire-reports\failure_screenshots\failure_screenshots\TextChangesFile_16_09_2021_08_36_57.png' height='100' width='100'/> </a>
Compared extracted image with reference image successfully
<a href='D:\QualiDex_New\qualidex_new\target\surefire-reports\failure_screenshots\failure_screenshots\TextChangesFile_16_09_2021_08_36_57.png'> <img src='D:\QualiDex_New\qualidex_new\target\surefire-reports\failure_screenshots\failure_screenshots\TextChangesFile_16_09_2021_08_36_57.png' height='100' width='100'/> </a>]]>
  </system-out>
  <testcase classname="com.qualitestgroup.data_extract_demo.Photography" name="DynamicObjectChanges" time="4.701"/>
  <system-out>
    <![CDATA[Load PDF content from First file Photography_Dynamic1.pdf
Loaded PDF content from First file Photography_Dynamic1.pdf Successfully
Load PDF content from Second file Photography_Dynamic2.pdf
Loaded PDF content from Second file Photography_Dynamic2.pdf Successfully
Compare files after excluding date
Compared files after excluding date
Compare extracted image with reference image
Compared extracted image with reference image successfully]]>
  </system-out>
  <testcase classname="com.qualitestgroup.data_extract_demo.Photography" name="TableContentsChangesPDF" time="4.108">
    <failure message="Test case failed due to Multiple Assertion failures
	Both PDFs paragraph line count differs please refer console logs to see failure in detail [&lt;/br&gt;, Difference -&gt; 1, Line number 1 has different data in both the files , First PDF Values :- Inventor Louis Daguerre (1839) Hery Fox Talbot (1839),  and Second PDF Values :- Inventor Louis Daguerre (1830) Hery Fox Talbot (1839)] expected [true] but found [false],
	PDF data differs with 4.94% &amp; for reference &lt;a href=D:\QualiDex_New\qualidex_new\Extract_Images\Photography_image1_Photography_image21.png&gt;link&lt;/a&gt; expected [true] but found [false],
	Both PDFs paragraph line count differs please refer console logs to see failure in detail [&lt;/br&gt;, Difference -&gt; 1, Line number 1 has different data in both the files , First PDF Values :- production, recreational purposes, hobby, and mass communication.[1],  and Second PDF Values :- production, recreational purposes, hobby, and mass communication., &lt;/br&gt;, Difference -&gt; 2, Line number 1 has different data in both the files , First PDF Values :- either negative or positive depending on the purpose of the photographic material and the method,  and Second PDF Values :- either negative or positive depending on the purpose of the photographic material and the method of, &lt;/br&gt;, Difference -&gt; 3, Line number 1 has different data in both the files , First PDF Values :- of processing. A negative image on film is traditionally used to photographically create a positive,  and Second PDF Values :- processing. A negative images on film is traditionally used to photographically create a positive image, &lt;/br&gt;, Difference -&gt; 4, Line number 1 has different data in both the files , First PDF Values :- image on a paper base, known as a print, either by using an enlarger or by contact printing.,  and Second PDF Values :- on a paper base, known as a print, either by using an enlarger or by contact printing.] expected [true] but found [false],
	PDF data differs with 0.13% &amp; for reference &lt;a href=D:\QualiDex_New\qualidex_new\Extract_Images\Photography_Text1_Photography_Text21.png&gt;link&lt;/a&gt; expected [true] but found [false],
	Both PDFs paragraph line count differs please refer console logs to see failure in detail [&lt;/br&gt;, Difference -&gt; 1, Line number 1 has different data in both the files , First PDF Values :- Full Stack Developers work on both frontend, backend, and other APIs, while MEAN ,  and Second PDF Values :- Full Stack Developers work on both frontend, backend, and other APIs, whereas MEAN ] expected [true] but found [false],
	PDF data differs with 0.03% &amp; for reference &lt;a href=D:\QualiDex_New\qualidex_new\Extract_Images\SampleDoc1_SampleDoc21.png&gt;link&lt;/a&gt; expected [true] but found [false],
	PDF data differs with 0.01% &amp; for reference &lt;a href=D:\QualiDex_New\qualidex_new\Extract_Images\NewEditor_Color1_NewEditor_Color21.png&gt;link&lt;/a&gt; expected [true] but found [false],
	PDF data differs with 0.02% &amp; for reference &lt;a href=D:\QualiDex_New\qualidex_new\Extract_Images\NewEditor_Space1_NewEditor_Space21.png&gt;link&lt;/a&gt; expected [true] but found [false],
	Both PDFs paragraph line count differs please refer console logs to see failure in detail [&lt;/br&gt;, Difference -&gt; 1, Line number 13 has different data in both the files , First PDF Values :- Group14 53454 Q Ghsagd567724,  and Second PDF Values :- Group14 53454 Q] expected [true] but found [false],
	PDF data differs with 0.02% &amp; for reference &lt;a href=D:\QualiDex_New\qualidex_new\Extract_Images\Insurance_TabContent1_Insurance_TabContent21.png&gt;link&lt;/a&gt; expected [true] but found [false]" type="java.lang.AssertionError">
      <![CDATA[java.lang.AssertionError: Test case failed due to Multiple Assertion failures
Both PDFs paragraph line count differs please refer console logs to see failure in detail [</br>, Difference -> 1, Line number 1 has different data in both the files , First PDF Values :- Inventor Louis Daguerre (1839) Hery Fox Talbot (1839),  and Second PDF Values :- Inventor Louis Daguerre (1830) Hery Fox Talbot (1839)] expected [true] but found [false],
PDF data differs with 4.94% & for reference <a href=D:\QualiDex_New\qualidex_new\Extract_Images\Photography_image1_Photography_image21.png>link</a> expected [true] but found [false],
Both PDFs paragraph line count differs please refer console logs to see failure in detail [</br>, Difference -> 1, Line number 1 has different data in both the files , First PDF Values :- production, recreational purposes, hobby, and mass communication.[1],  and Second PDF Values :- production, recreational purposes, hobby, and mass communication., </br>, Difference -> 2, Line number 1 has different data in both the files , First PDF Values :- either negative or positive depending on the purpose of the photographic material and the method,  and Second PDF Values :- either negative or positive depending on the purpose of the photographic material and the method of, </br>, Difference -> 3, Line number 1 has different data in both the files , First PDF Values :- of processing. A negative image on film is traditionally used to photographically create a positive,  and Second PDF Values :- processing. A negative images on film is traditionally used to photographically create a positive image, </br>, Difference -> 4, Line number 1 has different data in both the files , First PDF Values :- image on a paper base, known as a print, either by using an enlarger or by contact printing.,  and Second PDF Values :- on a paper base, known as a print, either by using an enlarger or by contact printing.] expected [true] but found [false],
PDF data differs with 0.13% & for reference <a href=D:\QualiDex_New\qualidex_new\Extract_Images\Photography_Text1_Photography_Text21.png>link</a> expected [true] but found [false],
Both PDFs paragraph line count differs please refer console logs to see failure in detail [</br>, Difference -> 1, Line number 1 has different data in both the files , First PDF Values :- Full Stack Developers work on both frontend, backend, and other APIs, while MEAN ,  and Second PDF Values :- Full Stack Developers work on both frontend, backend, and other APIs, whereas MEAN ] expected [true] but found [false],
PDF data differs with 0.03% & for reference <a href=D:\QualiDex_New\qualidex_new\Extract_Images\SampleDoc1_SampleDoc21.png>link</a> expected [true] but found [false],
PDF data differs with 0.01% & for reference <a href=D:\QualiDex_New\qualidex_new\Extract_Images\NewEditor_Color1_NewEditor_Color21.png>link</a> expected [true] but found [false],
PDF data differs with 0.02% & for reference <a href=D:\QualiDex_New\qualidex_new\Extract_Images\NewEditor_Space1_NewEditor_Space21.png>link</a> expected [true] but found [false],
Both PDFs paragraph line count differs please refer console logs to see failure in detail [</br>, Difference -> 1, Line number 13 has different data in both the files , First PDF Values :- Group14 53454 Q Ghsagd567724,  and Second PDF Values :- Group14 53454 Q] expected [true] but found [false],
PDF data differs with 0.02% & for reference <a href=D:\QualiDex_New\qualidex_new\Extract_Images\Insurance_TabContent1_Insurance_TabContent21.png>link</a> expected [true] but found [false]
at com.qualitestgroup.data_extract_demo.damoregroup.Softassert.assertAll(Softassert.java:55)
at com.qualitestgroup.data_extract_demo.Photography.compareTwoFiles(Photography.java:212)
at com.qualitestgroup.data_extract_demo.Photography.TableContentsChangesPDF(Photography.java:315)
at java.base/jdk.internal.reflect.NativeMethodAccessorImpl.invoke0(Native Method)
at java.base/jdk.internal.reflect.NativeMethodAccessorImpl.invoke(NativeMethodAccessorImpl.java:78)
at java.base/jdk.internal.reflect.DelegatingMethodAccessorImpl.invoke(DelegatingMethodAccessorImpl.java:43)
at java.base/java.lang.reflect.Method.invoke(Method.java:567)
at org.testng.internal.MethodInvocationHelper.invokeMethod(MethodInvocationHelper.java:133)
at org.testng.internal.TestInvoker.invokeMethod(TestInvoker.java:598)
at org.testng.internal.TestInvoker.invokeTestMethod(TestInvoker.java:173)
at org.testng.internal.MethodRunner.runInSequence(MethodRunner.java:46)
at org.testng.internal.TestInvoker$MethodInvocationAgent.invoke(TestInvoker.java:824)
at org.testng.internal.TestInvoker.invokeTestMethods(TestInvoker.java:146)
at org.testng.internal.TestMethodWorker.invokeTestMethods(TestMethodWorker.java:146)
at org.testng.internal.TestMethodWorker.run(TestMethodWorker.java:128)
at java.base/java.util.ArrayList.forEach(ArrayList.java:1511)
at org.testng.TestRunner.privateRun(TestRunner.java:794)
at org.testng.TestRunner.run(TestRunner.java:596)
at org.testng.SuiteRunner.runTest(SuiteRunner.java:377)
at org.testng.SuiteRunner.runSequentially(SuiteRunner.java:371)
at org.testng.SuiteRunner.privateRun(SuiteRunner.java:332)
at org.testng.SuiteRunner.run(SuiteRunner.java:276)
at org.testng.SuiteRunnerWorker.runSuite(SuiteRunnerWorker.java:53)
at org.testng.SuiteRunnerWorker.run(SuiteRunnerWorker.java:96)
at org.testng.TestNG.runSuitesSequentially(TestNG.java:1212)
at org.testng.TestNG.runSuitesLocally(TestNG.java:1134)
at org.testng.TestNG.runSuites(TestNG.java:1063)
at org.testng.TestNG.run(TestNG.java:1031)
at org.testng.remote.AbstractRemoteTestNG.run(AbstractRemoteTestNG.java:115)
at org.testng.remote.RemoteTestNG.initAndRun(RemoteTestNG.java:251)
at org.testng.remote.RemoteTestNG.main(RemoteTestNG.java:77)
]]>
    </failure>
  </testcase> <!-- TableContentsChangesPDF -->
  <system-out>
    <![CDATA[Load PDF content from First file Insurance_TabContent1.pdf
Loaded PDF content from First file Insurance_TabContent1.pdf Successfully
Load PDF content from Second file Insurance_TabContent2.pdf
Loaded PDF content from Second file Insurance_TabContent2.pdf Successfully
Verify number of pages are same
Verified!! Number of pages are same
Fetching data from PDF files
Fetched data from PDF files
Convert First and Second PDF files data into XML format successfully
Converted First and Second PDF files data into XML format successfully
Verify PDF data Content
Assertion Failed due to java.lang.AssertionError: Both PDFs paragraph line count differs please refer console logs to see failure in detail [</br>, Difference -> 1, Line number 13 has different data in both the files , First PDF Values :- Group14 53454 Q Ghsagd567724,  and Second PDF Values :- Group14 53454 Q] expected [true] but found [false]
<a href='D:\QualiDex_New\qualidex_new\target\surefire-reports\failure_screenshots\failure_screenshots\TableContentsChangesPDF_16_09_2021_08_37_13.png'> <img src='D:\QualiDex_New\qualidex_new\target\surefire-reports\failure_screenshots\failure_screenshots\TableContentsChangesPDF_16_09_2021_08_37_13.png' height='100' width='100'/> </a>
Verified PDF data Content
Compare extracted image with reference image
Assertion Failed due to java.lang.AssertionError: PDF data differs with 0.02% & for reference <a href=D:\QualiDex_New\qualidex_new\Extract_Images\Insurance_TabContent1_Insurance_TabContent21.png>link</a> expected [true] but found [false]
<a href='D:\QualiDex_New\qualidex_new\target\surefire-reports\failure_screenshots\failure_screenshots\TableContentsChangesPDF_16_09_2021_08_37_17.png'> <img src='D:\QualiDex_New\qualidex_new\target\surefire-reports\failure_screenshots\failure_screenshots\TableContentsChangesPDF_16_09_2021_08_37_17.png' height='100' width='100'/> </a>
Compared extracted image with reference image successfully
<a href='D:\QualiDex_New\qualidex_new\target\surefire-reports\failure_screenshots\failure_screenshots\TableContentsChangesPDF_16_09_2021_08_37_17.png'> <img src='D:\QualiDex_New\qualidex_new\target\surefire-reports\failure_screenshots\failure_screenshots\TableContentsChangesPDF_16_09_2021_08_37_17.png' height='100' width='100'/> </a>]]>
  </system-out>
  <testcase classname="com.qualitestgroup.data_extract_demo.Photography" name="LogoMissingFile" time="4.094">
    <failure message="Test case failed due to Multiple Assertion failures
	Both PDFs paragraph line count differs please refer console logs to see failure in detail [&lt;/br&gt;, Difference -&gt; 1, Line number 1 has different data in both the files , First PDF Values :- Inventor Louis Daguerre (1839) Hery Fox Talbot (1839),  and Second PDF Values :- Inventor Louis Daguerre (1830) Hery Fox Talbot (1839)] expected [true] but found [false],
	PDF data differs with 4.94% &amp; for reference &lt;a href=D:\QualiDex_New\qualidex_new\Extract_Images\Photography_image1_Photography_image21.png&gt;link&lt;/a&gt; expected [true] but found [false]" type="java.lang.AssertionError">
      <![CDATA[java.lang.AssertionError: Test case failed due to Multiple Assertion failures
Both PDFs paragraph line count differs please refer console logs to see failure in detail [</br>, Difference -> 1, Line number 1 has different data in both the files , First PDF Values :- Inventor Louis Daguerre (1839) Hery Fox Talbot (1839),  and Second PDF Values :- Inventor Louis Daguerre (1830) Hery Fox Talbot (1839)] expected [true] but found [false],
PDF data differs with 4.94% & for reference <a href=D:\QualiDex_New\qualidex_new\Extract_Images\Photography_image1_Photography_image21.png>link</a> expected [true] but found [false]
at com.qualitestgroup.data_extract_demo.damoregroup.Softassert.assertAll(Softassert.java:55)
at com.qualitestgroup.data_extract_demo.Photography.compareTwoFiles(Photography.java:212)
at com.qualitestgroup.data_extract_demo.Photography.LogoMissingFile(Photography.java:284)
at java.base/jdk.internal.reflect.NativeMethodAccessorImpl.invoke0(Native Method)
at java.base/jdk.internal.reflect.NativeMethodAccessorImpl.invoke(NativeMethodAccessorImpl.java:78)
at java.base/jdk.internal.reflect.DelegatingMethodAccessorImpl.invoke(DelegatingMethodAccessorImpl.java:43)
at java.base/java.lang.reflect.Method.invoke(Method.java:567)
at org.testng.internal.MethodInvocationHelper.invokeMethod(MethodInvocationHelper.java:133)
at org.testng.internal.TestInvoker.invokeMethod(TestInvoker.java:598)
at org.testng.internal.TestInvoker.invokeTestMethod(TestInvoker.java:173)
at org.testng.internal.MethodRunner.runInSequence(MethodRunner.java:46)
at org.testng.internal.TestInvoker$MethodInvocationAgent.invoke(TestInvoker.java:824)
at org.testng.internal.TestInvoker.invokeTestMethods(TestInvoker.java:146)
at org.testng.internal.TestMethodWorker.invokeTestMethods(TestMethodWorker.java:146)
at org.testng.internal.TestMethodWorker.run(TestMethodWorker.java:128)
at java.base/java.util.ArrayList.forEach(ArrayList.java:1511)
at org.testng.TestRunner.privateRun(TestRunner.java:794)
at org.testng.TestRunner.run(TestRunner.java:596)
at org.testng.SuiteRunner.runTest(SuiteRunner.java:377)
at org.testng.SuiteRunner.runSequentially(SuiteRunner.java:371)
at org.testng.SuiteRunner.privateRun(SuiteRunner.java:332)
at org.testng.SuiteRunner.run(SuiteRunner.java:276)
at org.testng.SuiteRunnerWorker.runSuite(SuiteRunnerWorker.java:53)
at org.testng.SuiteRunnerWorker.run(SuiteRunnerWorker.java:96)
at org.testng.TestNG.runSuitesSequentially(TestNG.java:1212)
at org.testng.TestNG.runSuitesLocally(TestNG.java:1134)
at org.testng.TestNG.runSuites(TestNG.java:1063)
at org.testng.TestNG.run(TestNG.java:1031)
at org.testng.remote.AbstractRemoteTestNG.run(AbstractRemoteTestNG.java:115)
at org.testng.remote.RemoteTestNG.initAndRun(RemoteTestNG.java:251)
at org.testng.remote.RemoteTestNG.main(RemoteTestNG.java:77)
]]>
    </failure>
  </testcase> <!-- LogoMissingFile -->
  <system-out>
    <![CDATA[Load PDF content from First file Photography_image1.pdf
Loaded PDF content from First file Photography_image1.pdf Successfully
Load PDF content from Second file Photography_image2.pdf
Loaded PDF content from Second file Photography_image2.pdf Successfully
Verify number of pages are same
Verified!! Number of pages are same
Fetching data from PDF files
Fetched data from PDF files
Convert First and Second PDF files data into XML format successfully
Converted First and Second PDF files data into XML format successfully
Verify PDF data Content
Assertion Failed due to java.lang.AssertionError: Both PDFs paragraph line count differs please refer console logs to see failure in detail [</br>, Difference -> 1, Line number 1 has different data in both the files , First PDF Values :- Inventor Louis Daguerre (1839) Hery Fox Talbot (1839),  and Second PDF Values :- Inventor Louis Daguerre (1830) Hery Fox Talbot (1839)] expected [true] but found [false]
<a href='D:\QualiDex_New\qualidex_new\target\surefire-reports\failure_screenshots\failure_screenshots\LogoMissingFile_16_09_2021_08_36_49.png'> <img src='D:\QualiDex_New\qualidex_new\target\surefire-reports\failure_screenshots\failure_screenshots\LogoMissingFile_16_09_2021_08_36_49.png' height='100' width='100'/> </a>
Verified PDF data Content
Compare extracted image with reference image
Assertion Failed due to java.lang.AssertionError: PDF data differs with 4.94% & for reference <a href=D:\QualiDex_New\qualidex_new\Extract_Images\Photography_image1_Photography_image21.png>link</a> expected [true] but found [false]
<a href='D:\QualiDex_New\qualidex_new\target\surefire-reports\failure_screenshots\failure_screenshots\LogoMissingFile_16_09_2021_08_36_53.png'> <img src='D:\QualiDex_New\qualidex_new\target\surefire-reports\failure_screenshots\failure_screenshots\LogoMissingFile_16_09_2021_08_36_53.png' height='100' width='100'/> </a>
Compared extracted image with reference image successfully
<a href='D:\QualiDex_New\qualidex_new\target\surefire-reports\failure_screenshots\failure_screenshots\LogoMissingFile_16_09_2021_08_36_53.png'> <img src='D:\QualiDex_New\qualidex_new\target\surefire-reports\failure_screenshots\failure_screenshots\LogoMissingFile_16_09_2021_08_36_53.png' height='100' width='100'/> </a>]]>
  </system-out>
  <testcase classname="com.qualitestgroup.data_extract_demo.Photography" name="TableChangesPDF" time="4.005">
    <failure message="Test case failed due to Multiple Assertion failures
	Both PDFs paragraph line count differs please refer console logs to see failure in detail [&lt;/br&gt;, Difference -&gt; 1, Line number 1 has different data in both the files , First PDF Values :- Inventor Louis Daguerre (1839) Hery Fox Talbot (1839),  and Second PDF Values :- Inventor Louis Daguerre (1830) Hery Fox Talbot (1839)] expected [true] but found [false],
	PDF data differs with 4.94% &amp; for reference &lt;a href=D:\QualiDex_New\qualidex_new\Extract_Images\Photography_image1_Photography_image21.png&gt;link&lt;/a&gt; expected [true] but found [false],
	Both PDFs paragraph line count differs please refer console logs to see failure in detail [&lt;/br&gt;, Difference -&gt; 1, Line number 1 has different data in both the files , First PDF Values :- production, recreational purposes, hobby, and mass communication.[1],  and Second PDF Values :- production, recreational purposes, hobby, and mass communication., &lt;/br&gt;, Difference -&gt; 2, Line number 1 has different data in both the files , First PDF Values :- either negative or positive depending on the purpose of the photographic material and the method,  and Second PDF Values :- either negative or positive depending on the purpose of the photographic material and the method of, &lt;/br&gt;, Difference -&gt; 3, Line number 1 has different data in both the files , First PDF Values :- of processing. A negative image on film is traditionally used to photographically create a positive,  and Second PDF Values :- processing. A negative images on film is traditionally used to photographically create a positive image, &lt;/br&gt;, Difference -&gt; 4, Line number 1 has different data in both the files , First PDF Values :- image on a paper base, known as a print, either by using an enlarger or by contact printing.,  and Second PDF Values :- on a paper base, known as a print, either by using an enlarger or by contact printing.] expected [true] but found [false],
	PDF data differs with 0.13% &amp; for reference &lt;a href=D:\QualiDex_New\qualidex_new\Extract_Images\Photography_Text1_Photography_Text21.png&gt;link&lt;/a&gt; expected [true] but found [false],
	Both PDFs paragraph line count differs please refer console logs to see failure in detail [&lt;/br&gt;, Difference -&gt; 1, Line number 1 has different data in both the files , First PDF Values :- Full Stack Developers work on both frontend, backend, and other APIs, while MEAN ,  and Second PDF Values :- Full Stack Developers work on both frontend, backend, and other APIs, whereas MEAN ] expected [true] but found [false],
	PDF data differs with 0.03% &amp; for reference &lt;a href=D:\QualiDex_New\qualidex_new\Extract_Images\SampleDoc1_SampleDoc21.png&gt;link&lt;/a&gt; expected [true] but found [false],
	PDF data differs with 0.01% &amp; for reference &lt;a href=D:\QualiDex_New\qualidex_new\Extract_Images\NewEditor_Color1_NewEditor_Color21.png&gt;link&lt;/a&gt; expected [true] but found [false],
	PDF data differs with 0.02% &amp; for reference &lt;a href=D:\QualiDex_New\qualidex_new\Extract_Images\NewEditor_Space1_NewEditor_Space21.png&gt;link&lt;/a&gt; expected [true] but found [false],
	Both PDFs paragraph line count differs please refer console logs to see failure in detail [&lt;/br&gt;, Difference -&gt; 1, Line number 13 has different data in both the files , First PDF Values :- Group14 53454 Q Ghsagd567724,  and Second PDF Values :- Group14 53454 Q] expected [true] but found [false],
	PDF data differs with 0.02% &amp; for reference &lt;a href=D:\QualiDex_New\qualidex_new\Extract_Images\Insurance_TabContent1_Insurance_TabContent21.png&gt;link&lt;/a&gt; expected [true] but found [false],
	Both PDFs paragraph line count differs please refer console logs to see failure in detail [] expected [true] but found [false],
	PDF data differs with 0.53% &amp; for reference &lt;a href=D:\QualiDex_New\qualidex_new\Extract_Images\Insurance_Table1_Insurance_Table21.png&gt;link&lt;/a&gt; expected [true] but found [false]" type="java.lang.AssertionError">
      <![CDATA[java.lang.AssertionError: Test case failed due to Multiple Assertion failures
Both PDFs paragraph line count differs please refer console logs to see failure in detail [</br>, Difference -> 1, Line number 1 has different data in both the files , First PDF Values :- Inventor Louis Daguerre (1839) Hery Fox Talbot (1839),  and Second PDF Values :- Inventor Louis Daguerre (1830) Hery Fox Talbot (1839)] expected [true] but found [false],
PDF data differs with 4.94% & for reference <a href=D:\QualiDex_New\qualidex_new\Extract_Images\Photography_image1_Photography_image21.png>link</a> expected [true] but found [false],
Both PDFs paragraph line count differs please refer console logs to see failure in detail [</br>, Difference -> 1, Line number 1 has different data in both the files , First PDF Values :- production, recreational purposes, hobby, and mass communication.[1],  and Second PDF Values :- production, recreational purposes, hobby, and mass communication., </br>, Difference -> 2, Line number 1 has different data in both the files , First PDF Values :- either negative or positive depending on the purpose of the photographic material and the method,  and Second PDF Values :- either negative or positive depending on the purpose of the photographic material and the method of, </br>, Difference -> 3, Line number 1 has different data in both the files , First PDF Values :- of processing. A negative image on film is traditionally used to photographically create a positive,  and Second PDF Values :- processing. A negative images on film is traditionally used to photographically create a positive image, </br>, Difference -> 4, Line number 1 has different data in both the files , First PDF Values :- image on a paper base, known as a print, either by using an enlarger or by contact printing.,  and Second PDF Values :- on a paper base, known as a print, either by using an enlarger or by contact printing.] expected [true] but found [false],
PDF data differs with 0.13% & for reference <a href=D:\QualiDex_New\qualidex_new\Extract_Images\Photography_Text1_Photography_Text21.png>link</a> expected [true] but found [false],
Both PDFs paragraph line count differs please refer console logs to see failure in detail [</br>, Difference -> 1, Line number 1 has different data in both the files , First PDF Values :- Full Stack Developers work on both frontend, backend, and other APIs, while MEAN ,  and Second PDF Values :- Full Stack Developers work on both frontend, backend, and other APIs, whereas MEAN ] expected [true] but found [false],
PDF data differs with 0.03% & for reference <a href=D:\QualiDex_New\qualidex_new\Extract_Images\SampleDoc1_SampleDoc21.png>link</a> expected [true] but found [false],
PDF data differs with 0.01% & for reference <a href=D:\QualiDex_New\qualidex_new\Extract_Images\NewEditor_Color1_NewEditor_Color21.png>link</a> expected [true] but found [false],
PDF data differs with 0.02% & for reference <a href=D:\QualiDex_New\qualidex_new\Extract_Images\NewEditor_Space1_NewEditor_Space21.png>link</a> expected [true] but found [false],
Both PDFs paragraph line count differs please refer console logs to see failure in detail [</br>, Difference -> 1, Line number 13 has different data in both the files , First PDF Values :- Group14 53454 Q Ghsagd567724,  and Second PDF Values :- Group14 53454 Q] expected [true] but found [false],
PDF data differs with 0.02% & for reference <a href=D:\QualiDex_New\qualidex_new\Extract_Images\Insurance_TabContent1_Insurance_TabContent21.png>link</a> expected [true] but found [false],
Both PDFs paragraph line count differs please refer console logs to see failure in detail [] expected [true] but found [false],
PDF data differs with 0.53% & for reference <a href=D:\QualiDex_New\qualidex_new\Extract_Images\Insurance_Table1_Insurance_Table21.png>link</a> expected [true] but found [false]
at com.qualitestgroup.data_extract_demo.damoregroup.Softassert.assertAll(Softassert.java:55)
at com.qualitestgroup.data_extract_demo.Photography.compareTwoFiles(Photography.java:212)
at com.qualitestgroup.data_extract_demo.Photography.TableChangesPDF(Photography.java:319)
at java.base/jdk.internal.reflect.NativeMethodAccessorImpl.invoke0(Native Method)
at java.base/jdk.internal.reflect.NativeMethodAccessorImpl.invoke(NativeMethodAccessorImpl.java:78)
at java.base/jdk.internal.reflect.DelegatingMethodAccessorImpl.invoke(DelegatingMethodAccessorImpl.java:43)
at java.base/java.lang.reflect.Method.invoke(Method.java:567)
at org.testng.internal.MethodInvocationHelper.invokeMethod(MethodInvocationHelper.java:133)
at org.testng.internal.TestInvoker.invokeMethod(TestInvoker.java:598)
at org.testng.internal.TestInvoker.invokeTestMethod(TestInvoker.java:173)
at org.testng.internal.MethodRunner.runInSequence(MethodRunner.java:46)
at org.testng.internal.TestInvoker$MethodInvocationAgent.invoke(TestInvoker.java:824)
at org.testng.internal.TestInvoker.invokeTestMethods(TestInvoker.java:146)
at org.testng.internal.TestMethodWorker.invokeTestMethods(TestMethodWorker.java:146)
at org.testng.internal.TestMethodWorker.run(TestMethodWorker.java:128)
at java.base/java.util.ArrayList.forEach(ArrayList.java:1511)
at org.testng.TestRunner.privateRun(TestRunner.java:794)
at org.testng.TestRunner.run(TestRunner.java:596)
at org.testng.SuiteRunner.runTest(SuiteRunner.java:377)
at org.testng.SuiteRunner.runSequentially(SuiteRunner.java:371)
at org.testng.SuiteRunner.privateRun(SuiteRunner.java:332)
at org.testng.SuiteRunner.run(SuiteRunner.java:276)
at org.testng.SuiteRunnerWorker.runSuite(SuiteRunnerWorker.java:53)
at org.testng.SuiteRunnerWorker.run(SuiteRunnerWorker.java:96)
at org.testng.TestNG.runSuitesSequentially(TestNG.java:1212)
at org.testng.TestNG.runSuitesLocally(TestNG.java:1134)
at org.testng.TestNG.runSuites(TestNG.java:1063)
at org.testng.TestNG.run(TestNG.java:1031)
at org.testng.remote.AbstractRemoteTestNG.run(AbstractRemoteTestNG.java:115)
at org.testng.remote.RemoteTestNG.initAndRun(RemoteTestNG.java:251)
at org.testng.remote.RemoteTestNG.main(RemoteTestNG.java:77)
]]>
    </failure>
  </testcase> <!-- TableChangesPDF -->
  <system-out>
    <![CDATA[Load PDF content from First file Insurance_Table1.pdf
Loaded PDF content from First file Insurance_Table1.pdf Successfully
Load PDF content from Second file Insurance_Table2.pdf
Loaded PDF content from Second file Insurance_Table2.pdf Successfully
Verify number of pages are same
Verified!! Number of pages are same
Fetching data from PDF files
Fetched data from PDF files
Convert First and Second PDF files data into XML format successfully
Converted First and Second PDF files data into XML format successfully
Verify PDF data Content
Assertion Failed due to java.lang.AssertionError: Both PDFs paragraph line count differs please refer console logs to see failure in detail [] expected [true] but found [false]
<a href='D:\QualiDex_New\qualidex_new\target\surefire-reports\failure_screenshots\failure_screenshots\TableChangesPDF_16_09_2021_08_37_17.png'> <img src='D:\QualiDex_New\qualidex_new\target\surefire-reports\failure_screenshots\failure_screenshots\TableChangesPDF_16_09_2021_08_37_17.png' height='100' width='100'/> </a>
Verified PDF data Content
Compare extracted image with reference image
Assertion Failed due to java.lang.AssertionError: PDF data differs with 0.53% & for reference <a href=D:\QualiDex_New\qualidex_new\Extract_Images\Insurance_Table1_Insurance_Table21.png>link</a> expected [true] but found [false]
<a href='D:\QualiDex_New\qualidex_new\target\surefire-reports\failure_screenshots\failure_screenshots\TableChangesPDF_16_09_2021_08_37_21.png'> <img src='D:\QualiDex_New\qualidex_new\target\surefire-reports\failure_screenshots\failure_screenshots\TableChangesPDF_16_09_2021_08_37_21.png' height='100' width='100'/> </a>
Compared extracted image with reference image successfully
<a href='D:\QualiDex_New\qualidex_new\target\surefire-reports\failure_screenshots\failure_screenshots\TableChangesPDF_16_09_2021_08_37_21.png'> <img src='D:\QualiDex_New\qualidex_new\target\surefire-reports\failure_screenshots\failure_screenshots\TableChangesPDF_16_09_2021_08_37_21.png' height='100' width='100'/> </a>]]>
  </system-out>
</testsuite> <!-- com.qualitestgroup.data_extract_demo.Photography -->
>>>>>>> 158f6e73a808c267d86402346c9c85350248dd43
